The system is: Linux - 3.10.0-957.1.3.el7.x86_64 - x86_64
Compiling the C compiler identification source file "CMakeCCompilerId.c" succeeded.
Compiler: /accre/arch/easybuild/software/Core/GCCcore/5.4.0/bin/cc 
Build flags: 
Id flags: 

The output was:
0


Compilation of the C compiler identification source "CMakeCCompilerId.c" produced "a.out"

The C compiler identification is GNU, found in "/home/sandbom/itkAntsAssignment/Setup-build/CMakeFiles/3.7.1/CompilerIdC/a.out"

Compiling the CXX compiler identification source file "CMakeCXXCompilerId.cpp" succeeded.
Compiler: /accre/arch/easybuild/software/Core/GCCcore/5.4.0/bin/c++ 
Build flags: 
Id flags: 

The output was:
0


Compilation of the CXX compiler identification source "CMakeCXXCompilerId.cpp" produced "a.out"

The CXX compiler identification is GNU, found in "/home/sandbom/itkAntsAssignment/Setup-build/CMakeFiles/3.7.1/CompilerIdCXX/a.out"

Determining if the C compiler works passed with the following output:
Change Dir: /home/sandbom/itkAntsAssignment/Setup-build/CMakeFiles/CMakeTmp

Run Build Command:"/usr/bin/gmake" "cmTC_4b800/fast"
/usr/bin/gmake -f CMakeFiles/cmTC_4b800.dir/build.make CMakeFiles/cmTC_4b800.dir/build
gmake[1]: Entering directory `/gpfs52/home/sandbom/itkAntsAssignment/Setup-build/CMakeFiles/CMakeTmp'
Building C object CMakeFiles/cmTC_4b800.dir/testCCompiler.c.o
/accre/arch/easybuild/software/Core/GCCcore/5.4.0/bin/cc     -o CMakeFiles/cmTC_4b800.dir/testCCompiler.c.o   -c /home/sandbom/itkAntsAssignment/Setup-build/CMakeFiles/CMakeTmp/testCCompiler.c
Linking C executable cmTC_4b800
/cvmfs/oasis.opensciencegrid.org/accre/mirror/optimized/sandy_bridge/easybuild/software/Compiler/GCCcore/5.4.0/CMake/3.7.1/bin/cmake -E cmake_link_script CMakeFiles/cmTC_4b800.dir/link.txt --verbose=1
/accre/arch/easybuild/software/Core/GCCcore/5.4.0/bin/cc       CMakeFiles/cmTC_4b800.dir/testCCompiler.c.o  -o cmTC_4b800 -rdynamic 
gmake[1]: Leaving directory `/gpfs52/home/sandbom/itkAntsAssignment/Setup-build/CMakeFiles/CMakeTmp'


Detecting C compiler ABI info compiled with the following output:
Change Dir: /home/sandbom/itkAntsAssignment/Setup-build/CMakeFiles/CMakeTmp

Run Build Command:"/usr/bin/gmake" "cmTC_73a6b/fast"
/usr/bin/gmake -f CMakeFiles/cmTC_73a6b.dir/build.make CMakeFiles/cmTC_73a6b.dir/build
gmake[1]: Entering directory `/gpfs52/home/sandbom/itkAntsAssignment/Setup-build/CMakeFiles/CMakeTmp'
Building C object CMakeFiles/cmTC_73a6b.dir/CMakeCCompilerABI.c.o
/accre/arch/easybuild/software/Core/GCCcore/5.4.0/bin/cc     -o CMakeFiles/cmTC_73a6b.dir/CMakeCCompilerABI.c.o   -c /cvmfs/oasis.opensciencegrid.org/accre/mirror/optimized/sandy_bridge/easybuild/software/Compiler/GCCcore/5.4.0/CMake/3.7.1/share/cmake-3.7/Modules/CMakeCCompilerABI.c
Linking C executable cmTC_73a6b
/cvmfs/oasis.opensciencegrid.org/accre/mirror/optimized/sandy_bridge/easybuild/software/Compiler/GCCcore/5.4.0/CMake/3.7.1/bin/cmake -E cmake_link_script CMakeFiles/cmTC_73a6b.dir/link.txt --verbose=1
/accre/arch/easybuild/software/Core/GCCcore/5.4.0/bin/cc      -v CMakeFiles/cmTC_73a6b.dir/CMakeCCompilerABI.c.o  -o cmTC_73a6b -rdynamic  
Using built-in specs.
COLLECT_GCC=/accre/arch/easybuild/software/Core/GCCcore/5.4.0/bin/cc
COLLECT_LTO_WRAPPER=/cvmfs/oasis.opensciencegrid.org/accre/mirror/optimized/sandy_bridge/easybuild/software/Core/GCCcore/5.4.0/bin/../libexec/gcc/x86_64-unknown-linux-gnu/5.4.0/lto-wrapper
Target: x86_64-unknown-linux-gnu
Configured with: ../configure --enable-languages=c,c++,fortran --enable-lto --enable-checking=release --disable-multilib --enable-shared=yes --enable-static=yes --enable-threads=posix --enable-gold=default --enable-plugins --enable-ld --with-plugin-ld=ld.gold --prefix=/accre/arch/easybuild/software/Core/GCCcore/5.4.0 --with-local-prefix=/accre/arch/easybuild/software/Core/GCCcore/5.4.0 --enable-bootstrap --with-isl=/tmp/GCCcore/5.4.0/dummy-/gcc-5.4.0/stage2_stuff
Thread model: posix
gcc version 5.4.0 (GCC) 
COMPILER_PATH=/cvmfs/oasis.opensciencegrid.org/accre/mirror/optimized/sandy_bridge/easybuild/software/Core/GCCcore/5.4.0/bin/../libexec/gcc/x86_64-unknown-linux-gnu/5.4.0/:/cvmfs/oasis.opensciencegrid.org/accre/mirror/optimized/sandy_bridge/easybuild/software/Core/GCCcore/5.4.0/bin/../libexec/gcc/
LIBRARY_PATH=/cvmfs/oasis.opensciencegrid.org/accre/mirror/optimized/sandy_bridge/easybuild/software/Core/GCCcore/5.4.0/bin/../lib/gcc/x86_64-unknown-linux-gnu/5.4.0/:/cvmfs/oasis.opensciencegrid.org/accre/mirror/optimized/sandy_bridge/easybuild/software/Core/GCCcore/5.4.0/bin/../lib/gcc/:/accre/arch/easybuild/software/Compiler/GCCcore/5.4.0/nettle/3.2/lib64/../lib64/:/accre/arch/easybuild/software/Compiler/GCCcore/5.4.0/libffi/3.2.1/lib64/../lib64/:/accre/arch/easybuild/software/Compiler/GCCcore/5.4.0/libffi/3.2.1/lib/../lib64/:/accre/arch/easybuild/software/Core/GCCcore/5.4.0/lib64/../lib64/:/accre/arch/easybuild/software/Core/GCCcore/5.4.0/lib/../lib64/:/cvmfs/oasis.opensciencegrid.org/accre/mirror/optimized/sandy_bridge/easybuild/software/Core/GCCcore/5.4.0/bin/../lib/gcc/x86_64-unknown-linux-gnu/5.4.0/../../../../lib64/:/lib/../lib64/:/usr/lib/../lib64/:/accre/arch/easybuild/software/Compiler/GCC/5.4.0-2.26/ITK-SNAP/3.8.0/lib/:/accre/arch/easybuild/software/Core/libpng/1.2.58/lib/:/accre/arch/easybuild/software/Core/zlib/1.2.11/lib/:/accre/arch/easybuild/software/Compiler/GCC/5.4.0-2.26/VTK/6.3.0-Python-2.7.12/lib/:/accre/arch/easybuild/software/Compiler/GCC/5.4.0-2.26/ITK/4.12.2-Python-2.7.12/lib/:/accre/arch/easybuild/software/Compiler/GCC/5.4.0-2.26/libGLU/9.0.0/lib/:/accre/arch/easybuild/software/Compiler/GCC/5.4.0-2.26/Mesa/12.0.2/lib/:/accre/arch/easybuild/software/Compiler/GCC/5.4.0-2.26/LLVM/3.8.1/lib/:/accre/arch/easybuild/software/Compiler/GCCcore/5.4.0/libdrm/2.4.70/lib/:/accre/arch/easybuild/software/Compiler/GCCcore/5.4.0/nettle/3.2/lib64/:/accre/arch/easybuild/software/Compiler/GCCcore/5.4.0/PCRE/8.39/lib/:/accre/arch/easybuild/software/Compiler/GCC/5.4.0-2.26/HDF5/1.8.17-serial/lib/:/accre/arch/easybuild/software/Compiler/GCCcore/5.4.0/Szip/2.1/lib/:/accre/arch/easybuild/software/Compiler/GCC/5.4.0-2.26/Python/2.7.12/lib/:/accre/arch/easybuild/software/Compiler/GCCcore/5.4.0/libffi/3.2.1/lib64/:/accre/arch/easybuild/software/Compiler/GCCcore/5.4.0/libffi/3.2.1/lib/:/accre/arch/easybuild/software/Compiler/GCCcore/5.4.0/GMP/6.1.1/lib/:/accre/arch/easybuild/software/Compiler/GCCcore/5.4.0/Tk/8.6.5/lib/:/accre/arch/easybuild/software/Compiler/GCCcore/5.4.0/X11/20160819/lib/:/accre/arch/easybuild/software/Compiler/GCCcore/5.4.0/fontconfig/2.12.1/lib/:/accre/arch/easybuild/software/Compiler/GCCcore/5.4.0/expat/2.2.0/lib/:/accre/arch/easybuild/software/Compiler/GCCcore/5.4.0/freetype/2.6.5/lib/:/accre/arch/easybuild/software/Compiler/GCCcore/5.4.0/SQLite/3.13.0/lib/:/accre/arch/easybuild/software/Compiler/GCCcore/5.4.0/Tcl/8.6.5/lib/:/accre/arch/easybuild/software/Compiler/GCCcore/5.4.0/libreadline/6.3/lib/:/accre/arch/easybuild/software/Compiler/GCCcore/5.4.0/ncurses/6.0/lib/:/accre/arch/easybuild/software/Compiler/GCCcore/5.4.0/bzip2/1.0.6/lib/:/accre/arch/easybuild/software/Compiler/GCCcore/5.4.0/binutils/2.26/lib/:/accre/arch/easybuild/software/Core/GCCcore/5.4.0/lib64/:/accre/arch/easybuild/software/Core/GCCcore/5.4.0/lib/:/cvmfs/oasis.opensciencegrid.org/accre/mirror/optimized/sandy_bridge/easybuild/software/Core/GCCcore/5.4.0/bin/../lib/gcc/x86_64-unknown-linux-gnu/5.4.0/../../../:/lib/:/usr/lib/
COLLECT_GCC_OPTIONS='-v' '-o' 'cmTC_73a6b' '-rdynamic' '-mtune=generic' '-march=x86-64'
 /cvmfs/oasis.opensciencegrid.org/accre/mirror/optimized/sandy_bridge/easybuild/software/Core/GCCcore/5.4.0/bin/../libexec/gcc/x86_64-unknown-linux-gnu/5.4.0/collect2 -plugin /cvmfs/oasis.opensciencegrid.org/accre/mirror/optimized/sandy_bridge/easybuild/software/Core/GCCcore/5.4.0/bin/../libexec/gcc/x86_64-unknown-linux-gnu/5.4.0/liblto_plugin.so -plugin-opt=/cvmfs/oasis.opensciencegrid.org/accre/mirror/optimized/sandy_bridge/easybuild/software/Core/GCCcore/5.4.0/bin/../libexec/gcc/x86_64-unknown-linux-gnu/5.4.0/lto-wrapper -plugin-opt=-fresolution=/tmp/cc2OxZOL.res -plugin-opt=-pass-through=-lgcc -plugin-opt=-pass-through=-lgcc_s -plugin-opt=-pass-through=-lc -plugin-opt=-pass-through=-lgcc -plugin-opt=-pass-through=-lgcc_s --eh-frame-hdr -m elf_x86_64 -export-dynamic -dynamic-linker /lib64/ld-linux-x86-64.so.2 -o cmTC_73a6b /lib/../lib64/crt1.o /lib/../lib64/crti.o /cvmfs/oasis.opensciencegrid.org/accre/mirror/optimized/sandy_bridge/easybuild/software/Core/GCCcore/5.4.0/bin/../lib/gcc/x86_64-unknown-linux-gnu/5.4.0/crtbegin.o -L/cvmfs/oasis.opensciencegrid.org/accre/mirror/optimized/sandy_bridge/easybuild/software/Core/GCCcore/5.4.0/bin/../lib/gcc/x86_64-unknown-linux-gnu/5.4.0 -L/cvmfs/oasis.opensciencegrid.org/accre/mirror/optimized/sandy_bridge/easybuild/software/Core/GCCcore/5.4.0/bin/../lib/gcc -L/accre/arch/easybuild/software/Compiler/GCCcore/5.4.0/nettle/3.2/lib64/../lib64 -L/accre/arch/easybuild/software/Compiler/GCCcore/5.4.0/libffi/3.2.1/lib64/../lib64 -L/accre/arch/easybuild/software/Compiler/GCCcore/5.4.0/libffi/3.2.1/lib/../lib64 -L/accre/arch/easybuild/software/Core/GCCcore/5.4.0/lib64/../lib64 -L/accre/arch/easybuild/software/Core/GCCcore/5.4.0/lib/../lib64 -L/cvmfs/oasis.opensciencegrid.org/accre/mirror/optimized/sandy_bridge/easybuild/software/Core/GCCcore/5.4.0/bin/../lib/gcc/x86_64-unknown-linux-gnu/5.4.0/../../../../lib64 -L/lib/../lib64 -L/usr/lib/../lib64 -L/accre/arch/easybuild/software/Compiler/GCC/5.4.0-2.26/ITK-SNAP/3.8.0/lib -L/accre/arch/easybuild/software/Core/libpng/1.2.58/lib -L/accre/arch/easybuild/software/Core/zlib/1.2.11/lib -L/accre/arch/easybuild/software/Compiler/GCC/5.4.0-2.26/VTK/6.3.0-Python-2.7.12/lib -L/accre/arch/easybuild/software/Compiler/GCC/5.4.0-2.26/ITK/4.12.2-Python-2.7.12/lib -L/accre/arch/easybuild/software/Compiler/GCC/5.4.0-2.26/libGLU/9.0.0/lib -L/accre/arch/easybuild/software/Compiler/GCC/5.4.0-2.26/Mesa/12.0.2/lib -L/accre/arch/easybuild/software/Compiler/GCC/5.4.0-2.26/LLVM/3.8.1/lib -L/accre/arch/easybuild/software/Compiler/GCCcore/5.4.0/libdrm/2.4.70/lib -L/accre/arch/easybuild/software/Compiler/GCCcore/5.4.0/nettle/3.2/lib64 -L/accre/arch/easybuild/software/Compiler/GCCcore/5.4.0/PCRE/8.39/lib -L/accre/arch/easybuild/software/Compiler/GCC/5.4.0-2.26/HDF5/1.8.17-serial/lib -L/accre/arch/easybuild/software/Compiler/GCCcore/5.4.0/Szip/2.1/lib -L/accre/arch/easybuild/software/Compiler/GCC/5.4.0-2.26/Python/2.7.12/lib -L/accre/arch/easybuild/software/Compiler/GCCcore/5.4.0/libffi/3.2.1/lib64 -L/accre/arch/easybuild/software/Compiler/GCCcore/5.4.0/libffi/3.2.1/lib -L/accre/arch/easybuild/software/Compiler/GCCcore/5.4.0/GMP/6.1.1/lib -L/accre/arch/easybuild/software/Compiler/GCCcore/5.4.0/Tk/8.6.5/lib -L/accre/arch/easybuild/software/Compiler/GCCcore/5.4.0/X11/20160819/lib -L/accre/arch/easybuild/software/Compiler/GCCcore/5.4.0/fontconfig/2.12.1/lib -L/accre/arch/easybuild/software/Compiler/GCCcore/5.4.0/expat/2.2.0/lib -L/accre/arch/easybuild/software/Compiler/GCCcore/5.4.0/freetype/2.6.5/lib -L/accre/arch/easybuild/software/Compiler/GCCcore/5.4.0/SQLite/3.13.0/lib -L/accre/arch/easybuild/software/Compiler/GCCcore/5.4.0/Tcl/8.6.5/lib -L/accre/arch/easybuild/software/Compiler/GCCcore/5.4.0/libreadline/6.3/lib -L/accre/arch/easybuild/software/Compiler/GCCcore/5.4.0/ncurses/6.0/lib -L/accre/arch/easybuild/software/Compiler/GCCcore/5.4.0/bzip2/1.0.6/lib -L/accre/arch/easybuild/software/Compiler/GCCcore/5.4.0/binutils/2.26/lib -L/accre/arch/easybuild/software/Core/GCCcore/5.4.0/lib64 -L/accre/arch/easybuild/software/Core/GCCcore/5.4.0/lib -L/cvmfs/oasis.opensciencegrid.org/accre/mirror/optimized/sandy_bridge/easybuild/software/Core/GCCcore/5.4.0/bin/../lib/gcc/x86_64-unknown-linux-gnu/5.4.0/../../.. CMakeFiles/cmTC_73a6b.dir/CMakeCCompilerABI.c.o -lgcc --as-needed -lgcc_s --no-as-needed -lc -lgcc --as-needed -lgcc_s --no-as-needed /cvmfs/oasis.opensciencegrid.org/accre/mirror/optimized/sandy_bridge/easybuild/software/Core/GCCcore/5.4.0/bin/../lib/gcc/x86_64-unknown-linux-gnu/5.4.0/crtend.o /lib/../lib64/crtn.o
gmake[1]: Leaving directory `/gpfs52/home/sandbom/itkAntsAssignment/Setup-build/CMakeFiles/CMakeTmp'


Parsed C implicit link information from above output:
  link line regex: [^( *|.*[/\])(ld|([^/\]+-)?ld|collect2)[^/\]*( |$)]
  ignore line: [Change Dir: /home/sandbom/itkAntsAssignment/Setup-build/CMakeFiles/CMakeTmp]
  ignore line: []
  ignore line: [Run Build Command:"/usr/bin/gmake" "cmTC_73a6b/fast"]
  ignore line: [/usr/bin/gmake -f CMakeFiles/cmTC_73a6b.dir/build.make CMakeFiles/cmTC_73a6b.dir/build]
  ignore line: [gmake[1]: Entering directory `/gpfs52/home/sandbom/itkAntsAssignment/Setup-build/CMakeFiles/CMakeTmp']
  ignore line: [Building C object CMakeFiles/cmTC_73a6b.dir/CMakeCCompilerABI.c.o]
  ignore line: [/accre/arch/easybuild/software/Core/GCCcore/5.4.0/bin/cc     -o CMakeFiles/cmTC_73a6b.dir/CMakeCCompilerABI.c.o   -c /cvmfs/oasis.opensciencegrid.org/accre/mirror/optimized/sandy_bridge/easybuild/software/Compiler/GCCcore/5.4.0/CMake/3.7.1/share/cmake-3.7/Modules/CMakeCCompilerABI.c]
  ignore line: [Linking C executable cmTC_73a6b]
  ignore line: [/cvmfs/oasis.opensciencegrid.org/accre/mirror/optimized/sandy_bridge/easybuild/software/Compiler/GCCcore/5.4.0/CMake/3.7.1/bin/cmake -E cmake_link_script CMakeFiles/cmTC_73a6b.dir/link.txt --verbose=1]
  ignore line: [/accre/arch/easybuild/software/Core/GCCcore/5.4.0/bin/cc      -v CMakeFiles/cmTC_73a6b.dir/CMakeCCompilerABI.c.o  -o cmTC_73a6b -rdynamic  ]
  ignore line: [Using built-in specs.]
  ignore line: [COLLECT_GCC=/accre/arch/easybuild/software/Core/GCCcore/5.4.0/bin/cc]
  ignore line: [COLLECT_LTO_WRAPPER=/cvmfs/oasis.opensciencegrid.org/accre/mirror/optimized/sandy_bridge/easybuild/software/Core/GCCcore/5.4.0/bin/../libexec/gcc/x86_64-unknown-linux-gnu/5.4.0/lto-wrapper]
  ignore line: [Target: x86_64-unknown-linux-gnu]
  ignore line: [Configured with: ../configure --enable-languages=c,c++,fortran --enable-lto --enable-checking=release --disable-multilib --enable-shared=yes --enable-static=yes --enable-threads=posix --enable-gold=default --enable-plugins --enable-ld --with-plugin-ld=ld.gold --prefix=/accre/arch/easybuild/software/Core/GCCcore/5.4.0 --with-local-prefix=/accre/arch/easybuild/software/Core/GCCcore/5.4.0 --enable-bootstrap --with-isl=/tmp/GCCcore/5.4.0/dummy-/gcc-5.4.0/stage2_stuff]
  ignore line: [Thread model: posix]
  ignore line: [gcc version 5.4.0 (GCC) ]
  ignore line: [COMPILER_PATH=/cvmfs/oasis.opensciencegrid.org/accre/mirror/optimized/sandy_bridge/easybuild/software/Core/GCCcore/5.4.0/bin/../libexec/gcc/x86_64-unknown-linux-gnu/5.4.0/:/cvmfs/oasis.opensciencegrid.org/accre/mirror/optimized/sandy_bridge/easybuild/software/Core/GCCcore/5.4.0/bin/../libexec/gcc/]
  ignore line: [LIBRARY_PATH=/cvmfs/oasis.opensciencegrid.org/accre/mirror/optimized/sandy_bridge/easybuild/software/Core/GCCcore/5.4.0/bin/../lib/gcc/x86_64-unknown-linux-gnu/5.4.0/:/cvmfs/oasis.opensciencegrid.org/accre/mirror/optimized/sandy_bridge/easybuild/software/Core/GCCcore/5.4.0/bin/../lib/gcc/:/accre/arch/easybuild/software/Compiler/GCCcore/5.4.0/nettle/3.2/lib64/../lib64/:/accre/arch/easybuild/software/Compiler/GCCcore/5.4.0/libffi/3.2.1/lib64/../lib64/:/accre/arch/easybuild/software/Compiler/GCCcore/5.4.0/libffi/3.2.1/lib/../lib64/:/accre/arch/easybuild/software/Core/GCCcore/5.4.0/lib64/../lib64/:/accre/arch/easybuild/software/Core/GCCcore/5.4.0/lib/../lib64/:/cvmfs/oasis.opensciencegrid.org/accre/mirror/optimized/sandy_bridge/easybuild/software/Core/GCCcore/5.4.0/bin/../lib/gcc/x86_64-unknown-linux-gnu/5.4.0/../../../../lib64/:/lib/../lib64/:/usr/lib/../lib64/:/accre/arch/easybuild/software/Compiler/GCC/5.4.0-2.26/ITK-SNAP/3.8.0/lib/:/accre/arch/easybuild/software/Core/libpng/1.2.58/lib/:/accre/arch/easybuild/software/Core/zlib/1.2.11/lib/:/accre/arch/easybuild/software/Compiler/GCC/5.4.0-2.26/VTK/6.3.0-Python-2.7.12/lib/:/accre/arch/easybuild/software/Compiler/GCC/5.4.0-2.26/ITK/4.12.2-Python-2.7.12/lib/:/accre/arch/easybuild/software/Compiler/GCC/5.4.0-2.26/libGLU/9.0.0/lib/:/accre/arch/easybuild/software/Compiler/GCC/5.4.0-2.26/Mesa/12.0.2/lib/:/accre/arch/easybuild/software/Compiler/GCC/5.4.0-2.26/LLVM/3.8.1/lib/:/accre/arch/easybuild/software/Compiler/GCCcore/5.4.0/libdrm/2.4.70/lib/:/accre/arch/easybuild/software/Compiler/GCCcore/5.4.0/nettle/3.2/lib64/:/accre/arch/easybuild/software/Compiler/GCCcore/5.4.0/PCRE/8.39/lib/:/accre/arch/easybuild/software/Compiler/GCC/5.4.0-2.26/HDF5/1.8.17-serial/lib/:/accre/arch/easybuild/software/Compiler/GCCcore/5.4.0/Szip/2.1/lib/:/accre/arch/easybuild/software/Compiler/GCC/5.4.0-2.26/Python/2.7.12/lib/:/accre/arch/easybuild/software/Compiler/GCCcore/5.4.0/libffi/3.2.1/lib64/:/accre/arch/easybuild/software/Compiler/GCCcore/5.4.0/libffi/3.2.1/lib/:/accre/arch/easybuild/software/Compiler/GCCcore/5.4.0/GMP/6.1.1/lib/:/accre/arch/easybuild/software/Compiler/GCCcore/5.4.0/Tk/8.6.5/lib/:/accre/arch/easybuild/software/Compiler/GCCcore/5.4.0/X11/20160819/lib/:/accre/arch/easybuild/software/Compiler/GCCcore/5.4.0/fontconfig/2.12.1/lib/:/accre/arch/easybuild/software/Compiler/GCCcore/5.4.0/expat/2.2.0/lib/:/accre/arch/easybuild/software/Compiler/GCCcore/5.4.0/freetype/2.6.5/lib/:/accre/arch/easybuild/software/Compiler/GCCcore/5.4.0/SQLite/3.13.0/lib/:/accre/arch/easybuild/software/Compiler/GCCcore/5.4.0/Tcl/8.6.5/lib/:/accre/arch/easybuild/software/Compiler/GCCcore/5.4.0/libreadline/6.3/lib/:/accre/arch/easybuild/software/Compiler/GCCcore/5.4.0/ncurses/6.0/lib/:/accre/arch/easybuild/software/Compiler/GCCcore/5.4.0/bzip2/1.0.6/lib/:/accre/arch/easybuild/software/Compiler/GCCcore/5.4.0/binutils/2.26/lib/:/accre/arch/easybuild/software/Core/GCCcore/5.4.0/lib64/:/accre/arch/easybuild/software/Core/GCCcore/5.4.0/lib/:/cvmfs/oasis.opensciencegrid.org/accre/mirror/optimized/sandy_bridge/easybuild/software/Core/GCCcore/5.4.0/bin/../lib/gcc/x86_64-unknown-linux-gnu/5.4.0/../../../:/lib/:/usr/lib/]
  ignore line: [COLLECT_GCC_OPTIONS='-v' '-o' 'cmTC_73a6b' '-rdynamic' '-mtune=generic' '-march=x86-64']
  link line: [ /cvmfs/oasis.opensciencegrid.org/accre/mirror/optimized/sandy_bridge/easybuild/software/Core/GCCcore/5.4.0/bin/../libexec/gcc/x86_64-unknown-linux-gnu/5.4.0/collect2 -plugin /cvmfs/oasis.opensciencegrid.org/accre/mirror/optimized/sandy_bridge/easybuild/software/Core/GCCcore/5.4.0/bin/../libexec/gcc/x86_64-unknown-linux-gnu/5.4.0/liblto_plugin.so -plugin-opt=/cvmfs/oasis.opensciencegrid.org/accre/mirror/optimized/sandy_bridge/easybuild/software/Core/GCCcore/5.4.0/bin/../libexec/gcc/x86_64-unknown-linux-gnu/5.4.0/lto-wrapper -plugin-opt=-fresolution=/tmp/cc2OxZOL.res -plugin-opt=-pass-through=-lgcc -plugin-opt=-pass-through=-lgcc_s -plugin-opt=-pass-through=-lc -plugin-opt=-pass-through=-lgcc -plugin-opt=-pass-through=-lgcc_s --eh-frame-hdr -m elf_x86_64 -export-dynamic -dynamic-linker /lib64/ld-linux-x86-64.so.2 -o cmTC_73a6b /lib/../lib64/crt1.o /lib/../lib64/crti.o /cvmfs/oasis.opensciencegrid.org/accre/mirror/optimized/sandy_bridge/easybuild/software/Core/GCCcore/5.4.0/bin/../lib/gcc/x86_64-unknown-linux-gnu/5.4.0/crtbegin.o -L/cvmfs/oasis.opensciencegrid.org/accre/mirror/optimized/sandy_bridge/easybuild/software/Core/GCCcore/5.4.0/bin/../lib/gcc/x86_64-unknown-linux-gnu/5.4.0 -L/cvmfs/oasis.opensciencegrid.org/accre/mirror/optimized/sandy_bridge/easybuild/software/Core/GCCcore/5.4.0/bin/../lib/gcc -L/accre/arch/easybuild/software/Compiler/GCCcore/5.4.0/nettle/3.2/lib64/../lib64 -L/accre/arch/easybuild/software/Compiler/GCCcore/5.4.0/libffi/3.2.1/lib64/../lib64 -L/accre/arch/easybuild/software/Compiler/GCCcore/5.4.0/libffi/3.2.1/lib/../lib64 -L/accre/arch/easybuild/software/Core/GCCcore/5.4.0/lib64/../lib64 -L/accre/arch/easybuild/software/Core/GCCcore/5.4.0/lib/../lib64 -L/cvmfs/oasis.opensciencegrid.org/accre/mirror/optimized/sandy_bridge/easybuild/software/Core/GCCcore/5.4.0/bin/../lib/gcc/x86_64-unknown-linux-gnu/5.4.0/../../../../lib64 -L/lib/../lib64 -L/usr/lib/../lib64 -L/accre/arch/easybuild/software/Compiler/GCC/5.4.0-2.26/ITK-SNAP/3.8.0/lib -L/accre/arch/easybuild/software/Core/libpng/1.2.58/lib -L/accre/arch/easybuild/software/Core/zlib/1.2.11/lib -L/accre/arch/easybuild/software/Compiler/GCC/5.4.0-2.26/VTK/6.3.0-Python-2.7.12/lib -L/accre/arch/easybuild/software/Compiler/GCC/5.4.0-2.26/ITK/4.12.2-Python-2.7.12/lib -L/accre/arch/easybuild/software/Compiler/GCC/5.4.0-2.26/libGLU/9.0.0/lib -L/accre/arch/easybuild/software/Compiler/GCC/5.4.0-2.26/Mesa/12.0.2/lib -L/accre/arch/easybuild/software/Compiler/GCC/5.4.0-2.26/LLVM/3.8.1/lib -L/accre/arch/easybuild/software/Compiler/GCCcore/5.4.0/libdrm/2.4.70/lib -L/accre/arch/easybuild/software/Compiler/GCCcore/5.4.0/nettle/3.2/lib64 -L/accre/arch/easybuild/software/Compiler/GCCcore/5.4.0/PCRE/8.39/lib -L/accre/arch/easybuild/software/Compiler/GCC/5.4.0-2.26/HDF5/1.8.17-serial/lib -L/accre/arch/easybuild/software/Compiler/GCCcore/5.4.0/Szip/2.1/lib -L/accre/arch/easybuild/software/Compiler/GCC/5.4.0-2.26/Python/2.7.12/lib -L/accre/arch/easybuild/software/Compiler/GCCcore/5.4.0/libffi/3.2.1/lib64 -L/accre/arch/easybuild/software/Compiler/GCCcore/5.4.0/libffi/3.2.1/lib -L/accre/arch/easybuild/software/Compiler/GCCcore/5.4.0/GMP/6.1.1/lib -L/accre/arch/easybuild/software/Compiler/GCCcore/5.4.0/Tk/8.6.5/lib -L/accre/arch/easybuild/software/Compiler/GCCcore/5.4.0/X11/20160819/lib -L/accre/arch/easybuild/software/Compiler/GCCcore/5.4.0/fontconfig/2.12.1/lib -L/accre/arch/easybuild/software/Compiler/GCCcore/5.4.0/expat/2.2.0/lib -L/accre/arch/easybuild/software/Compiler/GCCcore/5.4.0/freetype/2.6.5/lib -L/accre/arch/easybuild/software/Compiler/GCCcore/5.4.0/SQLite/3.13.0/lib -L/accre/arch/easybuild/software/Compiler/GCCcore/5.4.0/Tcl/8.6.5/lib -L/accre/arch/easybuild/software/Compiler/GCCcore/5.4.0/libreadline/6.3/lib -L/accre/arch/easybuild/software/Compiler/GCCcore/5.4.0/ncurses/6.0/lib -L/accre/arch/easybuild/software/Compiler/GCCcore/5.4.0/bzip2/1.0.6/lib -L/accre/arch/easybuild/software/Compiler/GCCcore/5.4.0/binutils/2.26/lib -L/accre/arch/easybuild/software/Core/GCCcore/5.4.0/lib64 -L/accre/arch/easybuild/software/Core/GCCcore/5.4.0/lib -L/cvmfs/oasis.opensciencegrid.org/accre/mirror/optimized/sandy_bridge/easybuild/software/Core/GCCcore/5.4.0/bin/../lib/gcc/x86_64-unknown-linux-gnu/5.4.0/../../.. CMakeFiles/cmTC_73a6b.dir/CMakeCCompilerABI.c.o -lgcc --as-needed -lgcc_s --no-as-needed -lc -lgcc --as-needed -lgcc_s --no-as-needed /cvmfs/oasis.opensciencegrid.org/accre/mirror/optimized/sandy_bridge/easybuild/software/Core/GCCcore/5.4.0/bin/../lib/gcc/x86_64-unknown-linux-gnu/5.4.0/crtend.o /lib/../lib64/crtn.o]
    arg [/cvmfs/oasis.opensciencegrid.org/accre/mirror/optimized/sandy_bridge/easybuild/software/Core/GCCcore/5.4.0/bin/../libexec/gcc/x86_64-unknown-linux-gnu/5.4.0/collect2] ==> ignore
    arg [-plugin] ==> ignore
    arg [/cvmfs/oasis.opensciencegrid.org/accre/mirror/optimized/sandy_bridge/easybuild/software/Core/GCCcore/5.4.0/bin/../libexec/gcc/x86_64-unknown-linux-gnu/5.4.0/liblto_plugin.so] ==> ignore
    arg [-plugin-opt=/cvmfs/oasis.opensciencegrid.org/accre/mirror/optimized/sandy_bridge/easybuild/software/Core/GCCcore/5.4.0/bin/../libexec/gcc/x86_64-unknown-linux-gnu/5.4.0/lto-wrapper] ==> ignore
    arg [-plugin-opt=-fresolution=/tmp/cc2OxZOL.res] ==> ignore
    arg [-plugin-opt=-pass-through=-lgcc] ==> ignore
    arg [-plugin-opt=-pass-through=-lgcc_s] ==> ignore
    arg [-plugin-opt=-pass-through=-lc] ==> ignore
    arg [-plugin-opt=-pass-through=-lgcc] ==> ignore
    arg [-plugin-opt=-pass-through=-lgcc_s] ==> ignore
    arg [--eh-frame-hdr] ==> ignore
    arg [-m] ==> ignore
    arg [elf_x86_64] ==> ignore
    arg [-export-dynamic] ==> ignore
    arg [-dynamic-linker] ==> ignore
    arg [/lib64/ld-linux-x86-64.so.2] ==> ignore
    arg [-o] ==> ignore
    arg [cmTC_73a6b] ==> ignore
    arg [/lib/../lib64/crt1.o] ==> ignore
    arg [/lib/../lib64/crti.o] ==> ignore
    arg [/cvmfs/oasis.opensciencegrid.org/accre/mirror/optimized/sandy_bridge/easybuild/software/Core/GCCcore/5.4.0/bin/../lib/gcc/x86_64-unknown-linux-gnu/5.4.0/crtbegin.o] ==> ignore
    arg [-L/cvmfs/oasis.opensciencegrid.org/accre/mirror/optimized/sandy_bridge/easybuild/software/Core/GCCcore/5.4.0/bin/../lib/gcc/x86_64-unknown-linux-gnu/5.4.0] ==> dir [/cvmfs/oasis.opensciencegrid.org/accre/mirror/optimized/sandy_bridge/easybuild/software/Core/GCCcore/5.4.0/bin/../lib/gcc/x86_64-unknown-linux-gnu/5.4.0]
    arg [-L/cvmfs/oasis.opensciencegrid.org/accre/mirror/optimized/sandy_bridge/easybuild/software/Core/GCCcore/5.4.0/bin/../lib/gcc] ==> dir [/cvmfs/oasis.opensciencegrid.org/accre/mirror/optimized/sandy_bridge/easybuild/software/Core/GCCcore/5.4.0/bin/../lib/gcc]
    arg [-L/accre/arch/easybuild/software/Compiler/GCCcore/5.4.0/nettle/3.2/lib64/../lib64] ==> dir [/accre/arch/easybuild/software/Compiler/GCCcore/5.4.0/nettle/3.2/lib64/../lib64]
    arg [-L/accre/arch/easybuild/software/Compiler/GCCcore/5.4.0/libffi/3.2.1/lib64/../lib64] ==> dir [/accre/arch/easybuild/software/Compiler/GCCcore/5.4.0/libffi/3.2.1/lib64/../lib64]
    arg [-L/accre/arch/easybuild/software/Compiler/GCCcore/5.4.0/libffi/3.2.1/lib/../lib64] ==> dir [/accre/arch/easybuild/software/Compiler/GCCcore/5.4.0/libffi/3.2.1/lib/../lib64]
    arg [-L/accre/arch/easybuild/software/Core/GCCcore/5.4.0/lib64/../lib64] ==> dir [/accre/arch/easybuild/software/Core/GCCcore/5.4.0/lib64/../lib64]
    arg [-L/accre/arch/easybuild/software/Core/GCCcore/5.4.0/lib/../lib64] ==> dir [/accre/arch/easybuild/software/Core/GCCcore/5.4.0/lib/../lib64]
    arg [-L/cvmfs/oasis.opensciencegrid.org/accre/mirror/optimized/sandy_bridge/easybuild/software/Core/GCCcore/5.4.0/bin/../lib/gcc/x86_64-unknown-linux-gnu/5.4.0/../../../../lib64] ==> dir [/cvmfs/oasis.opensciencegrid.org/accre/mirror/optimized/sandy_bridge/easybuild/software/Core/GCCcore/5.4.0/bin/../lib/gcc/x86_64-unknown-linux-gnu/5.4.0/../../../../lib64]
    arg [-L/lib/../lib64] ==> dir [/lib/../lib64]
    arg [-L/usr/lib/../lib64] ==> dir [/usr/lib/../lib64]
    arg [-L/accre/arch/easybuild/software/Compiler/GCC/5.4.0-2.26/ITK-SNAP/3.8.0/lib] ==> dir [/accre/arch/easybuild/software/Compiler/GCC/5.4.0-2.26/ITK-SNAP/3.8.0/lib]
    arg [-L/accre/arch/easybuild/software/Core/libpng/1.2.58/lib] ==> dir [/accre/arch/easybuild/software/Core/libpng/1.2.58/lib]
    arg [-L/accre/arch/easybuild/software/Core/zlib/1.2.11/lib] ==> dir [/accre/arch/easybuild/software/Core/zlib/1.2.11/lib]
    arg [-L/accre/arch/easybuild/software/Compiler/GCC/5.4.0-2.26/VTK/6.3.0-Python-2.7.12/lib] ==> dir [/accre/arch/easybuild/software/Compiler/GCC/5.4.0-2.26/VTK/6.3.0-Python-2.7.12/lib]
    arg [-L/accre/arch/easybuild/software/Compiler/GCC/5.4.0-2.26/ITK/4.12.2-Python-2.7.12/lib] ==> dir [/accre/arch/easybuild/software/Compiler/GCC/5.4.0-2.26/ITK/4.12.2-Python-2.7.12/lib]
    arg [-L/accre/arch/easybuild/software/Compiler/GCC/5.4.0-2.26/libGLU/9.0.0/lib] ==> dir [/accre/arch/easybuild/software/Compiler/GCC/5.4.0-2.26/libGLU/9.0.0/lib]
    arg [-L/accre/arch/easybuild/software/Compiler/GCC/5.4.0-2.26/Mesa/12.0.2/lib] ==> dir [/accre/arch/easybuild/software/Compiler/GCC/5.4.0-2.26/Mesa/12.0.2/lib]
    arg [-L/accre/arch/easybuild/software/Compiler/GCC/5.4.0-2.26/LLVM/3.8.1/lib] ==> dir [/accre/arch/easybuild/software/Compiler/GCC/5.4.0-2.26/LLVM/3.8.1/lib]
    arg [-L/accre/arch/easybuild/software/Compiler/GCCcore/5.4.0/libdrm/2.4.70/lib] ==> dir [/accre/arch/easybuild/software/Compiler/GCCcore/5.4.0/libdrm/2.4.70/lib]
    arg [-L/accre/arch/easybuild/software/Compiler/GCCcore/5.4.0/nettle/3.2/lib64] ==> dir [/accre/arch/easybuild/software/Compiler/GCCcore/5.4.0/nettle/3.2/lib64]
    arg [-L/accre/arch/easybuild/software/Compiler/GCCcore/5.4.0/PCRE/8.39/lib] ==> dir [/accre/arch/easybuild/software/Compiler/GCCcore/5.4.0/PCRE/8.39/lib]
    arg [-L/accre/arch/easybuild/software/Compiler/GCC/5.4.0-2.26/HDF5/1.8.17-serial/lib] ==> dir [/accre/arch/easybuild/software/Compiler/GCC/5.4.0-2.26/HDF5/1.8.17-serial/lib]
    arg [-L/accre/arch/easybuild/software/Compiler/GCCcore/5.4.0/Szip/2.1/lib] ==> dir [/accre/arch/easybuild/software/Compiler/GCCcore/5.4.0/Szip/2.1/lib]
    arg [-L/accre/arch/easybuild/software/Compiler/GCC/5.4.0-2.26/Python/2.7.12/lib] ==> dir [/accre/arch/easybuild/software/Compiler/GCC/5.4.0-2.26/Python/2.7.12/lib]
    arg [-L/accre/arch/easybuild/software/Compiler/GCCcore/5.4.0/libffi/3.2.1/lib64] ==> dir [/accre/arch/easybuild/software/Compiler/GCCcore/5.4.0/libffi/3.2.1/lib64]
    arg [-L/accre/arch/easybuild/software/Compiler/GCCcore/5.4.0/libffi/3.2.1/lib] ==> dir [/accre/arch/easybuild/software/Compiler/GCCcore/5.4.0/libffi/3.2.1/lib]
    arg [-L/accre/arch/easybuild/software/Compiler/GCCcore/5.4.0/GMP/6.1.1/lib] ==> dir [/accre/arch/easybuild/software/Compiler/GCCcore/5.4.0/GMP/6.1.1/lib]
    arg [-L/accre/arch/easybuild/software/Compiler/GCCcore/5.4.0/Tk/8.6.5/lib] ==> dir [/accre/arch/easybuild/software/Compiler/GCCcore/5.4.0/Tk/8.6.5/lib]
    arg [-L/accre/arch/easybuild/software/Compiler/GCCcore/5.4.0/X11/20160819/lib] ==> dir [/accre/arch/easybuild/software/Compiler/GCCcore/5.4.0/X11/20160819/lib]
    arg [-L/accre/arch/easybuild/software/Compiler/GCCcore/5.4.0/fontconfig/2.12.1/lib] ==> dir [/accre/arch/easybuild/software/Compiler/GCCcore/5.4.0/fontconfig/2.12.1/lib]
    arg [-L/accre/arch/easybuild/software/Compiler/GCCcore/5.4.0/expat/2.2.0/lib] ==> dir [/accre/arch/easybuild/software/Compiler/GCCcore/5.4.0/expat/2.2.0/lib]
    arg [-L/accre/arch/easybuild/software/Compiler/GCCcore/5.4.0/freetype/2.6.5/lib] ==> dir [/accre/arch/easybuild/software/Compiler/GCCcore/5.4.0/freetype/2.6.5/lib]
    arg [-L/accre/arch/easybuild/software/Compiler/GCCcore/5.4.0/SQLite/3.13.0/lib] ==> dir [/accre/arch/easybuild/software/Compiler/GCCcore/5.4.0/SQLite/3.13.0/lib]
    arg [-L/accre/arch/easybuild/software/Compiler/GCCcore/5.4.0/Tcl/8.6.5/lib] ==> dir [/accre/arch/easybuild/software/Compiler/GCCcore/5.4.0/Tcl/8.6.5/lib]
    arg [-L/accre/arch/easybuild/software/Compiler/GCCcore/5.4.0/libreadline/6.3/lib] ==> dir [/accre/arch/easybuild/software/Compiler/GCCcore/5.4.0/libreadline/6.3/lib]
    arg [-L/accre/arch/easybuild/software/Compiler/GCCcore/5.4.0/ncurses/6.0/lib] ==> dir [/accre/arch/easybuild/software/Compiler/GCCcore/5.4.0/ncurses/6.0/lib]
    arg [-L/accre/arch/easybuild/software/Compiler/GCCcore/5.4.0/bzip2/1.0.6/lib] ==> dir [/accre/arch/easybuild/software/Compiler/GCCcore/5.4.0/bzip2/1.0.6/lib]
    arg [-L/accre/arch/easybuild/software/Compiler/GCCcore/5.4.0/binutils/2.26/lib] ==> dir [/accre/arch/easybuild/software/Compiler/GCCcore/5.4.0/binutils/2.26/lib]
    arg [-L/accre/arch/easybuild/software/Core/GCCcore/5.4.0/lib64] ==> dir [/accre/arch/easybuild/software/Core/GCCcore/5.4.0/lib64]
    arg [-L/accre/arch/easybuild/software/Core/GCCcore/5.4.0/lib] ==> dir [/accre/arch/easybuild/software/Core/GCCcore/5.4.0/lib]
    arg [-L/cvmfs/oasis.opensciencegrid.org/accre/mirror/optimized/sandy_bridge/easybuild/software/Core/GCCcore/5.4.0/bin/../lib/gcc/x86_64-unknown-linux-gnu/5.4.0/../../..] ==> dir [/cvmfs/oasis.opensciencegrid.org/accre/mirror/optimized/sandy_bridge/easybuild/software/Core/GCCcore/5.4.0/bin/../lib/gcc/x86_64-unknown-linux-gnu/5.4.0/../../..]
    arg [CMakeFiles/cmTC_73a6b.dir/CMakeCCompilerABI.c.o] ==> ignore
    arg [-lgcc] ==> lib [gcc]
    arg [--as-needed] ==> ignore
    arg [-lgcc_s] ==> lib [gcc_s]
    arg [--no-as-needed] ==> ignore
    arg [-lc] ==> lib [c]
    arg [-lgcc] ==> lib [gcc]
    arg [--as-needed] ==> ignore
    arg [-lgcc_s] ==> lib [gcc_s]
    arg [--no-as-needed] ==> ignore
    arg [/cvmfs/oasis.opensciencegrid.org/accre/mirror/optimized/sandy_bridge/easybuild/software/Core/GCCcore/5.4.0/bin/../lib/gcc/x86_64-unknown-linux-gnu/5.4.0/crtend.o] ==> ignore
    arg [/lib/../lib64/crtn.o] ==> ignore
  remove lib [gcc]
  remove lib [gcc_s]
  remove lib [gcc]
  remove lib [gcc_s]
  collapse library dir [/cvmfs/oasis.opensciencegrid.org/accre/mirror/optimized/sandy_bridge/easybuild/software/Core/GCCcore/5.4.0/bin/../lib/gcc/x86_64-unknown-linux-gnu/5.4.0] ==> [/cvmfs/oasis.opensciencegrid.org/accre/mirror/optimized/sandy_bridge/easybuild/software/Core/GCCcore/5.4.0/lib/gcc/x86_64-unknown-linux-gnu/5.4.0]
  collapse library dir [/cvmfs/oasis.opensciencegrid.org/accre/mirror/optimized/sandy_bridge/easybuild/software/Core/GCCcore/5.4.0/bin/../lib/gcc] ==> [/cvmfs/oasis.opensciencegrid.org/accre/mirror/optimized/sandy_bridge/easybuild/software/Core/GCCcore/5.4.0/lib/gcc]
  collapse library dir [/accre/arch/easybuild/software/Compiler/GCCcore/5.4.0/nettle/3.2/lib64/../lib64] ==> [/accre/arch/easybuild/software/Compiler/GCCcore/5.4.0/nettle/3.2/lib64]
  collapse library dir [/accre/arch/easybuild/software/Compiler/GCCcore/5.4.0/libffi/3.2.1/lib64/../lib64] ==> [/accre/arch/easybuild/software/Compiler/GCCcore/5.4.0/libffi/3.2.1/lib64]
  collapse library dir [/accre/arch/easybuild/software/Compiler/GCCcore/5.4.0/libffi/3.2.1/lib/../lib64] ==> [/accre/arch/easybuild/software/Compiler/GCCcore/5.4.0/libffi/3.2.1/lib64]
  collapse library dir [/accre/arch/easybuild/software/Core/GCCcore/5.4.0/lib64/../lib64] ==> [/accre/arch/easybuild/software/Core/GCCcore/5.4.0/lib64]
  collapse library dir [/accre/arch/easybuild/software/Core/GCCcore/5.4.0/lib/../lib64] ==> [/accre/arch/easybuild/software/Core/GCCcore/5.4.0/lib64]
  collapse library dir [/cvmfs/oasis.opensciencegrid.org/accre/mirror/optimized/sandy_bridge/easybuild/software/Core/GCCcore/5.4.0/bin/../lib/gcc/x86_64-unknown-linux-gnu/5.4.0/../../../../lib64] ==> [/cvmfs/oasis.opensciencegrid.org/accre/mirror/optimized/sandy_bridge/easybuild/software/Core/GCCcore/5.4.0/lib64]
  collapse library dir [/lib/../lib64] ==> [/lib64]
  collapse library dir [/usr/lib/../lib64] ==> [/usr/lib64]
  collapse library dir [/accre/arch/easybuild/software/Compiler/GCC/5.4.0-2.26/ITK-SNAP/3.8.0/lib] ==> [/accre/arch/easybuild/software/Compiler/GCC/5.4.0-2.26/ITK-SNAP/3.8.0/lib]
  collapse library dir [/accre/arch/easybuild/software/Core/libpng/1.2.58/lib] ==> [/accre/arch/easybuild/software/Core/libpng/1.2.58/lib]
  collapse library dir [/accre/arch/easybuild/software/Core/zlib/1.2.11/lib] ==> [/accre/arch/easybuild/software/Core/zlib/1.2.11/lib]
  collapse library dir [/accre/arch/easybuild/software/Compiler/GCC/5.4.0-2.26/VTK/6.3.0-Python-2.7.12/lib] ==> [/accre/arch/easybuild/software/Compiler/GCC/5.4.0-2.26/VTK/6.3.0-Python-2.7.12/lib]
  collapse library dir [/accre/arch/easybuild/software/Compiler/GCC/5.4.0-2.26/ITK/4.12.2-Python-2.7.12/lib] ==> [/accre/arch/easybuild/software/Compiler/GCC/5.4.0-2.26/ITK/4.12.2-Python-2.7.12/lib]
  collapse library dir [/accre/arch/easybuild/software/Compiler/GCC/5.4.0-2.26/libGLU/9.0.0/lib] ==> [/accre/arch/easybuild/software/Compiler/GCC/5.4.0-2.26/libGLU/9.0.0/lib]
  collapse library dir [/accre/arch/easybuild/software/Compiler/GCC/5.4.0-2.26/Mesa/12.0.2/lib] ==> [/accre/arch/easybuild/software/Compiler/GCC/5.4.0-2.26/Mesa/12.0.2/lib]
  collapse library dir [/accre/arch/easybuild/software/Compiler/GCC/5.4.0-2.26/LLVM/3.8.1/lib] ==> [/accre/arch/easybuild/software/Compiler/GCC/5.4.0-2.26/LLVM/3.8.1/lib]
  collapse library dir [/accre/arch/easybuild/software/Compiler/GCCcore/5.4.0/libdrm/2.4.70/lib] ==> [/accre/arch/easybuild/software/Compiler/GCCcore/5.4.0/libdrm/2.4.70/lib]
  collapse library dir [/accre/arch/easybuild/software/Compiler/GCCcore/5.4.0/nettle/3.2/lib64] ==> [/accre/arch/easybuild/software/Compiler/GCCcore/5.4.0/nettle/3.2/lib64]
  collapse library dir [/accre/arch/easybuild/software/Compiler/GCCcore/5.4.0/PCRE/8.39/lib] ==> [/accre/arch/easybuild/software/Compiler/GCCcore/5.4.0/PCRE/8.39/lib]
  collapse library dir [/accre/arch/easybuild/software/Compiler/GCC/5.4.0-2.26/HDF5/1.8.17-serial/lib] ==> [/accre/arch/easybuild/software/Compiler/GCC/5.4.0-2.26/HDF5/1.8.17-serial/lib]
  collapse library dir [/accre/arch/easybuild/software/Compiler/GCCcore/5.4.0/Szip/2.1/lib] ==> [/accre/arch/easybuild/software/Compiler/GCCcore/5.4.0/Szip/2.1/lib]
  collapse library dir [/accre/arch/easybuild/software/Compiler/GCC/5.4.0-2.26/Python/2.7.12/lib] ==> [/accre/arch/easybuild/software/Compiler/GCC/5.4.0-2.26/Python/2.7.12/lib]
  collapse library dir [/accre/arch/easybuild/software/Compiler/GCCcore/5.4.0/libffi/3.2.1/lib64] ==> [/accre/arch/easybuild/software/Compiler/GCCcore/5.4.0/libffi/3.2.1/lib64]
  collapse library dir [/accre/arch/easybuild/software/Compiler/GCCcore/5.4.0/libffi/3.2.1/lib] ==> [/accre/arch/easybuild/software/Compiler/GCCcore/5.4.0/libffi/3.2.1/lib]
  collapse library dir [/accre/arch/easybuild/software/Compiler/GCCcore/5.4.0/GMP/6.1.1/lib] ==> [/accre/arch/easybuild/software/Compiler/GCCcore/5.4.0/GMP/6.1.1/lib]
  collapse library dir [/accre/arch/easybuild/software/Compiler/GCCcore/5.4.0/Tk/8.6.5/lib] ==> [/accre/arch/easybuild/software/Compiler/GCCcore/5.4.0/Tk/8.6.5/lib]
  collapse library dir [/accre/arch/easybuild/software/Compiler/GCCcore/5.4.0/X11/20160819/lib] ==> [/accre/arch/easybuild/software/Compiler/GCCcore/5.4.0/X11/20160819/lib]
  collapse library dir [/accre/arch/easybuild/software/Compiler/GCCcore/5.4.0/fontconfig/2.12.1/lib] ==> [/accre/arch/easybuild/software/Compiler/GCCcore/5.4.0/fontconfig/2.12.1/lib]
  collapse library dir [/accre/arch/easybuild/software/Compiler/GCCcore/5.4.0/expat/2.2.0/lib] ==> [/accre/arch/easybuild/software/Compiler/GCCcore/5.4.0/expat/2.2.0/lib]
  collapse library dir [/accre/arch/easybuild/software/Compiler/GCCcore/5.4.0/freetype/2.6.5/lib] ==> [/accre/arch/easybuild/software/Compiler/GCCcore/5.4.0/freetype/2.6.5/lib]
  collapse library dir [/accre/arch/easybuild/software/Compiler/GCCcore/5.4.0/SQLite/3.13.0/lib] ==> [/accre/arch/easybuild/software/Compiler/GCCcore/5.4.0/SQLite/3.13.0/lib]
  collapse library dir [/accre/arch/easybuild/software/Compiler/GCCcore/5.4.0/Tcl/8.6.5/lib] ==> [/accre/arch/easybuild/software/Compiler/GCCcore/5.4.0/Tcl/8.6.5/lib]
  collapse library dir [/accre/arch/easybuild/software/Compiler/GCCcore/5.4.0/libreadline/6.3/lib] ==> [/accre/arch/easybuild/software/Compiler/GCCcore/5.4.0/libreadline/6.3/lib]
  collapse library dir [/accre/arch/easybuild/software/Compiler/GCCcore/5.4.0/ncurses/6.0/lib] ==> [/accre/arch/easybuild/software/Compiler/GCCcore/5.4.0/ncurses/6.0/lib]
  collapse library dir [/accre/arch/easybuild/software/Compiler/GCCcore/5.4.0/bzip2/1.0.6/lib] ==> [/accre/arch/easybuild/software/Compiler/GCCcore/5.4.0/bzip2/1.0.6/lib]
  collapse library dir [/accre/arch/easybuild/software/Compiler/GCCcore/5.4.0/binutils/2.26/lib] ==> [/accre/arch/easybuild/software/Compiler/GCCcore/5.4.0/binutils/2.26/lib]
  collapse library dir [/accre/arch/easybuild/software/Core/GCCcore/5.4.0/lib64] ==> [/accre/arch/easybuild/software/Core/GCCcore/5.4.0/lib64]
  collapse library dir [/accre/arch/easybuild/software/Core/GCCcore/5.4.0/lib] ==> [/accre/arch/easybuild/software/Core/GCCcore/5.4.0/lib]
  collapse library dir [/cvmfs/oasis.opensciencegrid.org/accre/mirror/optimized/sandy_bridge/easybuild/software/Core/GCCcore/5.4.0/bin/../lib/gcc/x86_64-unknown-linux-gnu/5.4.0/../../..] ==> [/cvmfs/oasis.opensciencegrid.org/accre/mirror/optimized/sandy_bridge/easybuild/software/Core/GCCcore/5.4.0/lib]
  implicit libs: [c]
  implicit dirs: [/cvmfs/oasis.opensciencegrid.org/accre/mirror/optimized/sandy_bridge/easybuild/software/Core/GCCcore/5.4.0/lib/gcc/x86_64-unknown-linux-gnu/5.4.0;/cvmfs/oasis.opensciencegrid.org/accre/mirror/optimized/sandy_bridge/easybuild/software/Core/GCCcore/5.4.0/lib/gcc;/accre/arch/easybuild/software/Compiler/GCCcore/5.4.0/nettle/3.2/lib64;/accre/arch/easybuild/software/Compiler/GCCcore/5.4.0/libffi/3.2.1/lib64;/accre/arch/easybuild/software/Core/GCCcore/5.4.0/lib64;/cvmfs/oasis.opensciencegrid.org/accre/mirror/optimized/sandy_bridge/easybuild/software/Core/GCCcore/5.4.0/lib64;/lib64;/usr/lib64;/accre/arch/easybuild/software/Compiler/GCC/5.4.0-2.26/ITK-SNAP/3.8.0/lib;/accre/arch/easybuild/software/Core/libpng/1.2.58/lib;/accre/arch/easybuild/software/Core/zlib/1.2.11/lib;/accre/arch/easybuild/software/Compiler/GCC/5.4.0-2.26/VTK/6.3.0-Python-2.7.12/lib;/accre/arch/easybuild/software/Compiler/GCC/5.4.0-2.26/ITK/4.12.2-Python-2.7.12/lib;/accre/arch/easybuild/software/Compiler/GCC/5.4.0-2.26/libGLU/9.0.0/lib;/accre/arch/easybuild/software/Compiler/GCC/5.4.0-2.26/Mesa/12.0.2/lib;/accre/arch/easybuild/software/Compiler/GCC/5.4.0-2.26/LLVM/3.8.1/lib;/accre/arch/easybuild/software/Compiler/GCCcore/5.4.0/libdrm/2.4.70/lib;/accre/arch/easybuild/software/Compiler/GCCcore/5.4.0/PCRE/8.39/lib;/accre/arch/easybuild/software/Compiler/GCC/5.4.0-2.26/HDF5/1.8.17-serial/lib;/accre/arch/easybuild/software/Compiler/GCCcore/5.4.0/Szip/2.1/lib;/accre/arch/easybuild/software/Compiler/GCC/5.4.0-2.26/Python/2.7.12/lib;/accre/arch/easybuild/software/Compiler/GCCcore/5.4.0/libffi/3.2.1/lib;/accre/arch/easybuild/software/Compiler/GCCcore/5.4.0/GMP/6.1.1/lib;/accre/arch/easybuild/software/Compiler/GCCcore/5.4.0/Tk/8.6.5/lib;/accre/arch/easybuild/software/Compiler/GCCcore/5.4.0/X11/20160819/lib;/accre/arch/easybuild/software/Compiler/GCCcore/5.4.0/fontconfig/2.12.1/lib;/accre/arch/easybuild/software/Compiler/GCCcore/5.4.0/expat/2.2.0/lib;/accre/arch/easybuild/software/Compiler/GCCcore/5.4.0/freetype/2.6.5/lib;/accre/arch/easybuild/software/Compiler/GCCcore/5.4.0/SQLite/3.13.0/lib;/accre/arch/easybuild/software/Compiler/GCCcore/5.4.0/Tcl/8.6.5/lib;/accre/arch/easybuild/software/Compiler/GCCcore/5.4.0/libreadline/6.3/lib;/accre/arch/easybuild/software/Compiler/GCCcore/5.4.0/ncurses/6.0/lib;/accre/arch/easybuild/software/Compiler/GCCcore/5.4.0/bzip2/1.0.6/lib;/accre/arch/easybuild/software/Compiler/GCCcore/5.4.0/binutils/2.26/lib;/accre/arch/easybuild/software/Core/GCCcore/5.4.0/lib;/cvmfs/oasis.opensciencegrid.org/accre/mirror/optimized/sandy_bridge/easybuild/software/Core/GCCcore/5.4.0/lib]
  implicit fwks: []




Detecting C [-std=c11] compiler features compiled with the following output:
Change Dir: /home/sandbom/itkAntsAssignment/Setup-build/CMakeFiles/CMakeTmp

Run Build Command:"/usr/bin/gmake" "cmTC_07677/fast"
/usr/bin/gmake -f CMakeFiles/cmTC_07677.dir/build.make CMakeFiles/cmTC_07677.dir/build
gmake[1]: Entering directory `/gpfs52/home/sandbom/itkAntsAssignment/Setup-build/CMakeFiles/CMakeTmp'
Building C object CMakeFiles/cmTC_07677.dir/feature_tests.c.o
/accre/arch/easybuild/software/Core/GCCcore/5.4.0/bin/cc    -std=c11 -o CMakeFiles/cmTC_07677.dir/feature_tests.c.o   -c /home/sandbom/itkAntsAssignment/Setup-build/CMakeFiles/feature_tests.c
Linking C executable cmTC_07677
/cvmfs/oasis.opensciencegrid.org/accre/mirror/optimized/sandy_bridge/easybuild/software/Compiler/GCCcore/5.4.0/CMake/3.7.1/bin/cmake -E cmake_link_script CMakeFiles/cmTC_07677.dir/link.txt --verbose=1
/accre/arch/easybuild/software/Core/GCCcore/5.4.0/bin/cc       CMakeFiles/cmTC_07677.dir/feature_tests.c.o  -o cmTC_07677 -rdynamic 
gmake[1]: Leaving directory `/gpfs52/home/sandbom/itkAntsAssignment/Setup-build/CMakeFiles/CMakeTmp'


    Feature record: C_FEATURE:1c_function_prototypes
    Feature record: C_FEATURE:1c_restrict
    Feature record: C_FEATURE:1c_static_assert
    Feature record: C_FEATURE:1c_variadic_macros


Detecting C [-std=c99] compiler features compiled with the following output:
Change Dir: /home/sandbom/itkAntsAssignment/Setup-build/CMakeFiles/CMakeTmp

Run Build Command:"/usr/bin/gmake" "cmTC_ad50d/fast"
/usr/bin/gmake -f CMakeFiles/cmTC_ad50d.dir/build.make CMakeFiles/cmTC_ad50d.dir/build
gmake[1]: Entering directory `/gpfs52/home/sandbom/itkAntsAssignment/Setup-build/CMakeFiles/CMakeTmp'
Building C object CMakeFiles/cmTC_ad50d.dir/feature_tests.c.o
/accre/arch/easybuild/software/Core/GCCcore/5.4.0/bin/cc    -std=c99 -o CMakeFiles/cmTC_ad50d.dir/feature_tests.c.o   -c /home/sandbom/itkAntsAssignment/Setup-build/CMakeFiles/feature_tests.c
Linking C executable cmTC_ad50d
/cvmfs/oasis.opensciencegrid.org/accre/mirror/optimized/sandy_bridge/easybuild/software/Compiler/GCCcore/5.4.0/CMake/3.7.1/bin/cmake -E cmake_link_script CMakeFiles/cmTC_ad50d.dir/link.txt --verbose=1
/accre/arch/easybuild/software/Core/GCCcore/5.4.0/bin/cc       CMakeFiles/cmTC_ad50d.dir/feature_tests.c.o  -o cmTC_ad50d -rdynamic 
gmake[1]: Leaving directory `/gpfs52/home/sandbom/itkAntsAssignment/Setup-build/CMakeFiles/CMakeTmp'


    Feature record: C_FEATURE:1c_function_prototypes
    Feature record: C_FEATURE:1c_restrict
    Feature record: C_FEATURE:0c_static_assert
    Feature record: C_FEATURE:1c_variadic_macros


Detecting C [-std=c90] compiler features compiled with the following output:
Change Dir: /home/sandbom/itkAntsAssignment/Setup-build/CMakeFiles/CMakeTmp

Run Build Command:"/usr/bin/gmake" "cmTC_ac862/fast"
/usr/bin/gmake -f CMakeFiles/cmTC_ac862.dir/build.make CMakeFiles/cmTC_ac862.dir/build
gmake[1]: Entering directory `/gpfs52/home/sandbom/itkAntsAssignment/Setup-build/CMakeFiles/CMakeTmp'
Building C object CMakeFiles/cmTC_ac862.dir/feature_tests.c.o
/accre/arch/easybuild/software/Core/GCCcore/5.4.0/bin/cc    -std=c90 -o CMakeFiles/cmTC_ac862.dir/feature_tests.c.o   -c /home/sandbom/itkAntsAssignment/Setup-build/CMakeFiles/feature_tests.c
Linking C executable cmTC_ac862
/cvmfs/oasis.opensciencegrid.org/accre/mirror/optimized/sandy_bridge/easybuild/software/Compiler/GCCcore/5.4.0/CMake/3.7.1/bin/cmake -E cmake_link_script CMakeFiles/cmTC_ac862.dir/link.txt --verbose=1
/accre/arch/easybuild/software/Core/GCCcore/5.4.0/bin/cc       CMakeFiles/cmTC_ac862.dir/feature_tests.c.o  -o cmTC_ac862 -rdynamic 
gmake[1]: Leaving directory `/gpfs52/home/sandbom/itkAntsAssignment/Setup-build/CMakeFiles/CMakeTmp'


    Feature record: C_FEATURE:1c_function_prototypes
    Feature record: C_FEATURE:0c_restrict
    Feature record: C_FEATURE:0c_static_assert
    Feature record: C_FEATURE:0c_variadic_macros
Determining if the CXX compiler works passed with the following output:
Change Dir: /home/sandbom/itkAntsAssignment/Setup-build/CMakeFiles/CMakeTmp

Run Build Command:"/usr/bin/gmake" "cmTC_c227b/fast"
/usr/bin/gmake -f CMakeFiles/cmTC_c227b.dir/build.make CMakeFiles/cmTC_c227b.dir/build
gmake[1]: Entering directory `/gpfs52/home/sandbom/itkAntsAssignment/Setup-build/CMakeFiles/CMakeTmp'
Building CXX object CMakeFiles/cmTC_c227b.dir/testCXXCompiler.cxx.o
/accre/arch/easybuild/software/Core/GCCcore/5.4.0/bin/c++      -o CMakeFiles/cmTC_c227b.dir/testCXXCompiler.cxx.o -c /home/sandbom/itkAntsAssignment/Setup-build/CMakeFiles/CMakeTmp/testCXXCompiler.cxx
Linking CXX executable cmTC_c227b
/cvmfs/oasis.opensciencegrid.org/accre/mirror/optimized/sandy_bridge/easybuild/software/Compiler/GCCcore/5.4.0/CMake/3.7.1/bin/cmake -E cmake_link_script CMakeFiles/cmTC_c227b.dir/link.txt --verbose=1
/accre/arch/easybuild/software/Core/GCCcore/5.4.0/bin/c++        CMakeFiles/cmTC_c227b.dir/testCXXCompiler.cxx.o  -o cmTC_c227b -rdynamic 
gmake[1]: Leaving directory `/gpfs52/home/sandbom/itkAntsAssignment/Setup-build/CMakeFiles/CMakeTmp'


Detecting CXX compiler ABI info compiled with the following output:
Change Dir: /home/sandbom/itkAntsAssignment/Setup-build/CMakeFiles/CMakeTmp

Run Build Command:"/usr/bin/gmake" "cmTC_e190c/fast"
/usr/bin/gmake -f CMakeFiles/cmTC_e190c.dir/build.make CMakeFiles/cmTC_e190c.dir/build
gmake[1]: Entering directory `/gpfs52/home/sandbom/itkAntsAssignment/Setup-build/CMakeFiles/CMakeTmp'
Building CXX object CMakeFiles/cmTC_e190c.dir/CMakeCXXCompilerABI.cpp.o
/accre/arch/easybuild/software/Core/GCCcore/5.4.0/bin/c++      -o CMakeFiles/cmTC_e190c.dir/CMakeCXXCompilerABI.cpp.o -c /cvmfs/oasis.opensciencegrid.org/accre/mirror/optimized/sandy_bridge/easybuild/software/Compiler/GCCcore/5.4.0/CMake/3.7.1/share/cmake-3.7/Modules/CMakeCXXCompilerABI.cpp
Linking CXX executable cmTC_e190c
/cvmfs/oasis.opensciencegrid.org/accre/mirror/optimized/sandy_bridge/easybuild/software/Compiler/GCCcore/5.4.0/CMake/3.7.1/bin/cmake -E cmake_link_script CMakeFiles/cmTC_e190c.dir/link.txt --verbose=1
/accre/arch/easybuild/software/Core/GCCcore/5.4.0/bin/c++       -v CMakeFiles/cmTC_e190c.dir/CMakeCXXCompilerABI.cpp.o  -o cmTC_e190c -rdynamic  
Using built-in specs.
COLLECT_GCC=/accre/arch/easybuild/software/Core/GCCcore/5.4.0/bin/c++
COLLECT_LTO_WRAPPER=/cvmfs/oasis.opensciencegrid.org/accre/mirror/optimized/sandy_bridge/easybuild/software/Core/GCCcore/5.4.0/bin/../libexec/gcc/x86_64-unknown-linux-gnu/5.4.0/lto-wrapper
Target: x86_64-unknown-linux-gnu
Configured with: ../configure --enable-languages=c,c++,fortran --enable-lto --enable-checking=release --disable-multilib --enable-shared=yes --enable-static=yes --enable-threads=posix --enable-gold=default --enable-plugins --enable-ld --with-plugin-ld=ld.gold --prefix=/accre/arch/easybuild/software/Core/GCCcore/5.4.0 --with-local-prefix=/accre/arch/easybuild/software/Core/GCCcore/5.4.0 --enable-bootstrap --with-isl=/tmp/GCCcore/5.4.0/dummy-/gcc-5.4.0/stage2_stuff
Thread model: posix
gcc version 5.4.0 (GCC) 
COMPILER_PATH=/cvmfs/oasis.opensciencegrid.org/accre/mirror/optimized/sandy_bridge/easybuild/software/Core/GCCcore/5.4.0/bin/../libexec/gcc/x86_64-unknown-linux-gnu/5.4.0/:/cvmfs/oasis.opensciencegrid.org/accre/mirror/optimized/sandy_bridge/easybuild/software/Core/GCCcore/5.4.0/bin/../libexec/gcc/
LIBRARY_PATH=/cvmfs/oasis.opensciencegrid.org/accre/mirror/optimized/sandy_bridge/easybuild/software/Core/GCCcore/5.4.0/bin/../lib/gcc/x86_64-unknown-linux-gnu/5.4.0/:/cvmfs/oasis.opensciencegrid.org/accre/mirror/optimized/sandy_bridge/easybuild/software/Core/GCCcore/5.4.0/bin/../lib/gcc/:/accre/arch/easybuild/software/Compiler/GCCcore/5.4.0/nettle/3.2/lib64/../lib64/:/accre/arch/easybuild/software/Compiler/GCCcore/5.4.0/libffi/3.2.1/lib64/../lib64/:/accre/arch/easybuild/software/Compiler/GCCcore/5.4.0/libffi/3.2.1/lib/../lib64/:/accre/arch/easybuild/software/Core/GCCcore/5.4.0/lib64/../lib64/:/accre/arch/easybuild/software/Core/GCCcore/5.4.0/lib/../lib64/:/cvmfs/oasis.opensciencegrid.org/accre/mirror/optimized/sandy_bridge/easybuild/software/Core/GCCcore/5.4.0/bin/../lib/gcc/x86_64-unknown-linux-gnu/5.4.0/../../../../lib64/:/lib/../lib64/:/usr/lib/../lib64/:/accre/arch/easybuild/software/Compiler/GCC/5.4.0-2.26/ITK-SNAP/3.8.0/lib/:/accre/arch/easybuild/software/Core/libpng/1.2.58/lib/:/accre/arch/easybuild/software/Core/zlib/1.2.11/lib/:/accre/arch/easybuild/software/Compiler/GCC/5.4.0-2.26/VTK/6.3.0-Python-2.7.12/lib/:/accre/arch/easybuild/software/Compiler/GCC/5.4.0-2.26/ITK/4.12.2-Python-2.7.12/lib/:/accre/arch/easybuild/software/Compiler/GCC/5.4.0-2.26/libGLU/9.0.0/lib/:/accre/arch/easybuild/software/Compiler/GCC/5.4.0-2.26/Mesa/12.0.2/lib/:/accre/arch/easybuild/software/Compiler/GCC/5.4.0-2.26/LLVM/3.8.1/lib/:/accre/arch/easybuild/software/Compiler/GCCcore/5.4.0/libdrm/2.4.70/lib/:/accre/arch/easybuild/software/Compiler/GCCcore/5.4.0/nettle/3.2/lib64/:/accre/arch/easybuild/software/Compiler/GCCcore/5.4.0/PCRE/8.39/lib/:/accre/arch/easybuild/software/Compiler/GCC/5.4.0-2.26/HDF5/1.8.17-serial/lib/:/accre/arch/easybuild/software/Compiler/GCCcore/5.4.0/Szip/2.1/lib/:/accre/arch/easybuild/software/Compiler/GCC/5.4.0-2.26/Python/2.7.12/lib/:/accre/arch/easybuild/software/Compiler/GCCcore/5.4.0/libffi/3.2.1/lib64/:/accre/arch/easybuild/software/Compiler/GCCcore/5.4.0/libffi/3.2.1/lib/:/accre/arch/easybuild/software/Compiler/GCCcore/5.4.0/GMP/6.1.1/lib/:/accre/arch/easybuild/software/Compiler/GCCcore/5.4.0/Tk/8.6.5/lib/:/accre/arch/easybuild/software/Compiler/GCCcore/5.4.0/X11/20160819/lib/:/accre/arch/easybuild/software/Compiler/GCCcore/5.4.0/fontconfig/2.12.1/lib/:/accre/arch/easybuild/software/Compiler/GCCcore/5.4.0/expat/2.2.0/lib/:/accre/arch/easybuild/software/Compiler/GCCcore/5.4.0/freetype/2.6.5/lib/:/accre/arch/easybuild/software/Compiler/GCCcore/5.4.0/SQLite/3.13.0/lib/:/accre/arch/easybuild/software/Compiler/GCCcore/5.4.0/Tcl/8.6.5/lib/:/accre/arch/easybuild/software/Compiler/GCCcore/5.4.0/libreadline/6.3/lib/:/accre/arch/easybuild/software/Compiler/GCCcore/5.4.0/ncurses/6.0/lib/:/accre/arch/easybuild/software/Compiler/GCCcore/5.4.0/bzip2/1.0.6/lib/:/accre/arch/easybuild/software/Compiler/GCCcore/5.4.0/binutils/2.26/lib/:/accre/arch/easybuild/software/Core/GCCcore/5.4.0/lib64/:/accre/arch/easybuild/software/Core/GCCcore/5.4.0/lib/:/cvmfs/oasis.opensciencegrid.org/accre/mirror/optimized/sandy_bridge/easybuild/software/Core/GCCcore/5.4.0/bin/../lib/gcc/x86_64-unknown-linux-gnu/5.4.0/../../../:/lib/:/usr/lib/
COLLECT_GCC_OPTIONS='-v' '-o' 'cmTC_e190c' '-rdynamic' '-shared-libgcc' '-mtune=generic' '-march=x86-64'
 /cvmfs/oasis.opensciencegrid.org/accre/mirror/optimized/sandy_bridge/easybuild/software/Core/GCCcore/5.4.0/bin/../libexec/gcc/x86_64-unknown-linux-gnu/5.4.0/collect2 -plugin /cvmfs/oasis.opensciencegrid.org/accre/mirror/optimized/sandy_bridge/easybuild/software/Core/GCCcore/5.4.0/bin/../libexec/gcc/x86_64-unknown-linux-gnu/5.4.0/liblto_plugin.so -plugin-opt=/cvmfs/oasis.opensciencegrid.org/accre/mirror/optimized/sandy_bridge/easybuild/software/Core/GCCcore/5.4.0/bin/../libexec/gcc/x86_64-unknown-linux-gnu/5.4.0/lto-wrapper -plugin-opt=-fresolution=/tmp/ccwGjspz.res -plugin-opt=-pass-through=-lgcc_s -plugin-opt=-pass-through=-lgcc -plugin-opt=-pass-through=-lc -plugin-opt=-pass-through=-lgcc_s -plugin-opt=-pass-through=-lgcc --eh-frame-hdr -m elf_x86_64 -export-dynamic -dynamic-linker /lib64/ld-linux-x86-64.so.2 -o cmTC_e190c /lib/../lib64/crt1.o /lib/../lib64/crti.o /cvmfs/oasis.opensciencegrid.org/accre/mirror/optimized/sandy_bridge/easybuild/software/Core/GCCcore/5.4.0/bin/../lib/gcc/x86_64-unknown-linux-gnu/5.4.0/crtbegin.o -L/cvmfs/oasis.opensciencegrid.org/accre/mirror/optimized/sandy_bridge/easybuild/software/Core/GCCcore/5.4.0/bin/../lib/gcc/x86_64-unknown-linux-gnu/5.4.0 -L/cvmfs/oasis.opensciencegrid.org/accre/mirror/optimized/sandy_bridge/easybuild/software/Core/GCCcore/5.4.0/bin/../lib/gcc -L/accre/arch/easybuild/software/Compiler/GCCcore/5.4.0/nettle/3.2/lib64/../lib64 -L/accre/arch/easybuild/software/Compiler/GCCcore/5.4.0/libffi/3.2.1/lib64/../lib64 -L/accre/arch/easybuild/software/Compiler/GCCcore/5.4.0/libffi/3.2.1/lib/../lib64 -L/accre/arch/easybuild/software/Core/GCCcore/5.4.0/lib64/../lib64 -L/accre/arch/easybuild/software/Core/GCCcore/5.4.0/lib/../lib64 -L/cvmfs/oasis.opensciencegrid.org/accre/mirror/optimized/sandy_bridge/easybuild/software/Core/GCCcore/5.4.0/bin/../lib/gcc/x86_64-unknown-linux-gnu/5.4.0/../../../../lib64 -L/lib/../lib64 -L/usr/lib/../lib64 -L/accre/arch/easybuild/software/Compiler/GCC/5.4.0-2.26/ITK-SNAP/3.8.0/lib -L/accre/arch/easybuild/software/Core/libpng/1.2.58/lib -L/accre/arch/easybuild/software/Core/zlib/1.2.11/lib -L/accre/arch/easybuild/software/Compiler/GCC/5.4.0-2.26/VTK/6.3.0-Python-2.7.12/lib -L/accre/arch/easybuild/software/Compiler/GCC/5.4.0-2.26/ITK/4.12.2-Python-2.7.12/lib -L/accre/arch/easybuild/software/Compiler/GCC/5.4.0-2.26/libGLU/9.0.0/lib -L/accre/arch/easybuild/software/Compiler/GCC/5.4.0-2.26/Mesa/12.0.2/lib -L/accre/arch/easybuild/software/Compiler/GCC/5.4.0-2.26/LLVM/3.8.1/lib -L/accre/arch/easybuild/software/Compiler/GCCcore/5.4.0/libdrm/2.4.70/lib -L/accre/arch/easybuild/software/Compiler/GCCcore/5.4.0/nettle/3.2/lib64 -L/accre/arch/easybuild/software/Compiler/GCCcore/5.4.0/PCRE/8.39/lib -L/accre/arch/easybuild/software/Compiler/GCC/5.4.0-2.26/HDF5/1.8.17-serial/lib -L/accre/arch/easybuild/software/Compiler/GCCcore/5.4.0/Szip/2.1/lib -L/accre/arch/easybuild/software/Compiler/GCC/5.4.0-2.26/Python/2.7.12/lib -L/accre/arch/easybuild/software/Compiler/GCCcore/5.4.0/libffi/3.2.1/lib64 -L/accre/arch/easybuild/software/Compiler/GCCcore/5.4.0/libffi/3.2.1/lib -L/accre/arch/easybuild/software/Compiler/GCCcore/5.4.0/GMP/6.1.1/lib -L/accre/arch/easybuild/software/Compiler/GCCcore/5.4.0/Tk/8.6.5/lib -L/accre/arch/easybuild/software/Compiler/GCCcore/5.4.0/X11/20160819/lib -L/accre/arch/easybuild/software/Compiler/GCCcore/5.4.0/fontconfig/2.12.1/lib -L/accre/arch/easybuild/software/Compiler/GCCcore/5.4.0/expat/2.2.0/lib -L/accre/arch/easybuild/software/Compiler/GCCcore/5.4.0/freetype/2.6.5/lib -L/accre/arch/easybuild/software/Compiler/GCCcore/5.4.0/SQLite/3.13.0/lib -L/accre/arch/easybuild/software/Compiler/GCCcore/5.4.0/Tcl/8.6.5/lib -L/accre/arch/easybuild/software/Compiler/GCCcore/5.4.0/libreadline/6.3/lib -L/accre/arch/easybuild/software/Compiler/GCCcore/5.4.0/ncurses/6.0/lib -L/accre/arch/easybuild/software/Compiler/GCCcore/5.4.0/bzip2/1.0.6/lib -L/accre/arch/easybuild/software/Compiler/GCCcore/5.4.0/binutils/2.26/lib -L/accre/arch/easybuild/software/Core/GCCcore/5.4.0/lib64 -L/accre/arch/easybuild/software/Core/GCCcore/5.4.0/lib -L/cvmfs/oasis.opensciencegrid.org/accre/mirror/optimized/sandy_bridge/easybuild/software/Core/GCCcore/5.4.0/bin/../lib/gcc/x86_64-unknown-linux-gnu/5.4.0/../../.. CMakeFiles/cmTC_e190c.dir/CMakeCXXCompilerABI.cpp.o -lstdc++ -lm -lgcc_s -lgcc -lc -lgcc_s -lgcc /cvmfs/oasis.opensciencegrid.org/accre/mirror/optimized/sandy_bridge/easybuild/software/Core/GCCcore/5.4.0/bin/../lib/gcc/x86_64-unknown-linux-gnu/5.4.0/crtend.o /lib/../lib64/crtn.o
gmake[1]: Leaving directory `/gpfs52/home/sandbom/itkAntsAssignment/Setup-build/CMakeFiles/CMakeTmp'


Parsed CXX implicit link information from above output:
  link line regex: [^( *|.*[/\])(ld|([^/\]+-)?ld|collect2)[^/\]*( |$)]
  ignore line: [Change Dir: /home/sandbom/itkAntsAssignment/Setup-build/CMakeFiles/CMakeTmp]
  ignore line: []
  ignore line: [Run Build Command:"/usr/bin/gmake" "cmTC_e190c/fast"]
  ignore line: [/usr/bin/gmake -f CMakeFiles/cmTC_e190c.dir/build.make CMakeFiles/cmTC_e190c.dir/build]
  ignore line: [gmake[1]: Entering directory `/gpfs52/home/sandbom/itkAntsAssignment/Setup-build/CMakeFiles/CMakeTmp']
  ignore line: [Building CXX object CMakeFiles/cmTC_e190c.dir/CMakeCXXCompilerABI.cpp.o]
  ignore line: [/accre/arch/easybuild/software/Core/GCCcore/5.4.0/bin/c++      -o CMakeFiles/cmTC_e190c.dir/CMakeCXXCompilerABI.cpp.o -c /cvmfs/oasis.opensciencegrid.org/accre/mirror/optimized/sandy_bridge/easybuild/software/Compiler/GCCcore/5.4.0/CMake/3.7.1/share/cmake-3.7/Modules/CMakeCXXCompilerABI.cpp]
  ignore line: [Linking CXX executable cmTC_e190c]
  ignore line: [/cvmfs/oasis.opensciencegrid.org/accre/mirror/optimized/sandy_bridge/easybuild/software/Compiler/GCCcore/5.4.0/CMake/3.7.1/bin/cmake -E cmake_link_script CMakeFiles/cmTC_e190c.dir/link.txt --verbose=1]
  ignore line: [/accre/arch/easybuild/software/Core/GCCcore/5.4.0/bin/c++       -v CMakeFiles/cmTC_e190c.dir/CMakeCXXCompilerABI.cpp.o  -o cmTC_e190c -rdynamic  ]
  ignore line: [Using built-in specs.]
  ignore line: [COLLECT_GCC=/accre/arch/easybuild/software/Core/GCCcore/5.4.0/bin/c++]
  ignore line: [COLLECT_LTO_WRAPPER=/cvmfs/oasis.opensciencegrid.org/accre/mirror/optimized/sandy_bridge/easybuild/software/Core/GCCcore/5.4.0/bin/../libexec/gcc/x86_64-unknown-linux-gnu/5.4.0/lto-wrapper]
  ignore line: [Target: x86_64-unknown-linux-gnu]
  ignore line: [Configured with: ../configure --enable-languages=c,c++,fortran --enable-lto --enable-checking=release --disable-multilib --enable-shared=yes --enable-static=yes --enable-threads=posix --enable-gold=default --enable-plugins --enable-ld --with-plugin-ld=ld.gold --prefix=/accre/arch/easybuild/software/Core/GCCcore/5.4.0 --with-local-prefix=/accre/arch/easybuild/software/Core/GCCcore/5.4.0 --enable-bootstrap --with-isl=/tmp/GCCcore/5.4.0/dummy-/gcc-5.4.0/stage2_stuff]
  ignore line: [Thread model: posix]
  ignore line: [gcc version 5.4.0 (GCC) ]
  ignore line: [COMPILER_PATH=/cvmfs/oasis.opensciencegrid.org/accre/mirror/optimized/sandy_bridge/easybuild/software/Core/GCCcore/5.4.0/bin/../libexec/gcc/x86_64-unknown-linux-gnu/5.4.0/:/cvmfs/oasis.opensciencegrid.org/accre/mirror/optimized/sandy_bridge/easybuild/software/Core/GCCcore/5.4.0/bin/../libexec/gcc/]
  ignore line: [LIBRARY_PATH=/cvmfs/oasis.opensciencegrid.org/accre/mirror/optimized/sandy_bridge/easybuild/software/Core/GCCcore/5.4.0/bin/../lib/gcc/x86_64-unknown-linux-gnu/5.4.0/:/cvmfs/oasis.opensciencegrid.org/accre/mirror/optimized/sandy_bridge/easybuild/software/Core/GCCcore/5.4.0/bin/../lib/gcc/:/accre/arch/easybuild/software/Compiler/GCCcore/5.4.0/nettle/3.2/lib64/../lib64/:/accre/arch/easybuild/software/Compiler/GCCcore/5.4.0/libffi/3.2.1/lib64/../lib64/:/accre/arch/easybuild/software/Compiler/GCCcore/5.4.0/libffi/3.2.1/lib/../lib64/:/accre/arch/easybuild/software/Core/GCCcore/5.4.0/lib64/../lib64/:/accre/arch/easybuild/software/Core/GCCcore/5.4.0/lib/../lib64/:/cvmfs/oasis.opensciencegrid.org/accre/mirror/optimized/sandy_bridge/easybuild/software/Core/GCCcore/5.4.0/bin/../lib/gcc/x86_64-unknown-linux-gnu/5.4.0/../../../../lib64/:/lib/../lib64/:/usr/lib/../lib64/:/accre/arch/easybuild/software/Compiler/GCC/5.4.0-2.26/ITK-SNAP/3.8.0/lib/:/accre/arch/easybuild/software/Core/libpng/1.2.58/lib/:/accre/arch/easybuild/software/Core/zlib/1.2.11/lib/:/accre/arch/easybuild/software/Compiler/GCC/5.4.0-2.26/VTK/6.3.0-Python-2.7.12/lib/:/accre/arch/easybuild/software/Compiler/GCC/5.4.0-2.26/ITK/4.12.2-Python-2.7.12/lib/:/accre/arch/easybuild/software/Compiler/GCC/5.4.0-2.26/libGLU/9.0.0/lib/:/accre/arch/easybuild/software/Compiler/GCC/5.4.0-2.26/Mesa/12.0.2/lib/:/accre/arch/easybuild/software/Compiler/GCC/5.4.0-2.26/LLVM/3.8.1/lib/:/accre/arch/easybuild/software/Compiler/GCCcore/5.4.0/libdrm/2.4.70/lib/:/accre/arch/easybuild/software/Compiler/GCCcore/5.4.0/nettle/3.2/lib64/:/accre/arch/easybuild/software/Compiler/GCCcore/5.4.0/PCRE/8.39/lib/:/accre/arch/easybuild/software/Compiler/GCC/5.4.0-2.26/HDF5/1.8.17-serial/lib/:/accre/arch/easybuild/software/Compiler/GCCcore/5.4.0/Szip/2.1/lib/:/accre/arch/easybuild/software/Compiler/GCC/5.4.0-2.26/Python/2.7.12/lib/:/accre/arch/easybuild/software/Compiler/GCCcore/5.4.0/libffi/3.2.1/lib64/:/accre/arch/easybuild/software/Compiler/GCCcore/5.4.0/libffi/3.2.1/lib/:/accre/arch/easybuild/software/Compiler/GCCcore/5.4.0/GMP/6.1.1/lib/:/accre/arch/easybuild/software/Compiler/GCCcore/5.4.0/Tk/8.6.5/lib/:/accre/arch/easybuild/software/Compiler/GCCcore/5.4.0/X11/20160819/lib/:/accre/arch/easybuild/software/Compiler/GCCcore/5.4.0/fontconfig/2.12.1/lib/:/accre/arch/easybuild/software/Compiler/GCCcore/5.4.0/expat/2.2.0/lib/:/accre/arch/easybuild/software/Compiler/GCCcore/5.4.0/freetype/2.6.5/lib/:/accre/arch/easybuild/software/Compiler/GCCcore/5.4.0/SQLite/3.13.0/lib/:/accre/arch/easybuild/software/Compiler/GCCcore/5.4.0/Tcl/8.6.5/lib/:/accre/arch/easybuild/software/Compiler/GCCcore/5.4.0/libreadline/6.3/lib/:/accre/arch/easybuild/software/Compiler/GCCcore/5.4.0/ncurses/6.0/lib/:/accre/arch/easybuild/software/Compiler/GCCcore/5.4.0/bzip2/1.0.6/lib/:/accre/arch/easybuild/software/Compiler/GCCcore/5.4.0/binutils/2.26/lib/:/accre/arch/easybuild/software/Core/GCCcore/5.4.0/lib64/:/accre/arch/easybuild/software/Core/GCCcore/5.4.0/lib/:/cvmfs/oasis.opensciencegrid.org/accre/mirror/optimized/sandy_bridge/easybuild/software/Core/GCCcore/5.4.0/bin/../lib/gcc/x86_64-unknown-linux-gnu/5.4.0/../../../:/lib/:/usr/lib/]
  ignore line: [COLLECT_GCC_OPTIONS='-v' '-o' 'cmTC_e190c' '-rdynamic' '-shared-libgcc' '-mtune=generic' '-march=x86-64']
  link line: [ /cvmfs/oasis.opensciencegrid.org/accre/mirror/optimized/sandy_bridge/easybuild/software/Core/GCCcore/5.4.0/bin/../libexec/gcc/x86_64-unknown-linux-gnu/5.4.0/collect2 -plugin /cvmfs/oasis.opensciencegrid.org/accre/mirror/optimized/sandy_bridge/easybuild/software/Core/GCCcore/5.4.0/bin/../libexec/gcc/x86_64-unknown-linux-gnu/5.4.0/liblto_plugin.so -plugin-opt=/cvmfs/oasis.opensciencegrid.org/accre/mirror/optimized/sandy_bridge/easybuild/software/Core/GCCcore/5.4.0/bin/../libexec/gcc/x86_64-unknown-linux-gnu/5.4.0/lto-wrapper -plugin-opt=-fresolution=/tmp/ccwGjspz.res -plugin-opt=-pass-through=-lgcc_s -plugin-opt=-pass-through=-lgcc -plugin-opt=-pass-through=-lc -plugin-opt=-pass-through=-lgcc_s -plugin-opt=-pass-through=-lgcc --eh-frame-hdr -m elf_x86_64 -export-dynamic -dynamic-linker /lib64/ld-linux-x86-64.so.2 -o cmTC_e190c /lib/../lib64/crt1.o /lib/../lib64/crti.o /cvmfs/oasis.opensciencegrid.org/accre/mirror/optimized/sandy_bridge/easybuild/software/Core/GCCcore/5.4.0/bin/../lib/gcc/x86_64-unknown-linux-gnu/5.4.0/crtbegin.o -L/cvmfs/oasis.opensciencegrid.org/accre/mirror/optimized/sandy_bridge/easybuild/software/Core/GCCcore/5.4.0/bin/../lib/gcc/x86_64-unknown-linux-gnu/5.4.0 -L/cvmfs/oasis.opensciencegrid.org/accre/mirror/optimized/sandy_bridge/easybuild/software/Core/GCCcore/5.4.0/bin/../lib/gcc -L/accre/arch/easybuild/software/Compiler/GCCcore/5.4.0/nettle/3.2/lib64/../lib64 -L/accre/arch/easybuild/software/Compiler/GCCcore/5.4.0/libffi/3.2.1/lib64/../lib64 -L/accre/arch/easybuild/software/Compiler/GCCcore/5.4.0/libffi/3.2.1/lib/../lib64 -L/accre/arch/easybuild/software/Core/GCCcore/5.4.0/lib64/../lib64 -L/accre/arch/easybuild/software/Core/GCCcore/5.4.0/lib/../lib64 -L/cvmfs/oasis.opensciencegrid.org/accre/mirror/optimized/sandy_bridge/easybuild/software/Core/GCCcore/5.4.0/bin/../lib/gcc/x86_64-unknown-linux-gnu/5.4.0/../../../../lib64 -L/lib/../lib64 -L/usr/lib/../lib64 -L/accre/arch/easybuild/software/Compiler/GCC/5.4.0-2.26/ITK-SNAP/3.8.0/lib -L/accre/arch/easybuild/software/Core/libpng/1.2.58/lib -L/accre/arch/easybuild/software/Core/zlib/1.2.11/lib -L/accre/arch/easybuild/software/Compiler/GCC/5.4.0-2.26/VTK/6.3.0-Python-2.7.12/lib -L/accre/arch/easybuild/software/Compiler/GCC/5.4.0-2.26/ITK/4.12.2-Python-2.7.12/lib -L/accre/arch/easybuild/software/Compiler/GCC/5.4.0-2.26/libGLU/9.0.0/lib -L/accre/arch/easybuild/software/Compiler/GCC/5.4.0-2.26/Mesa/12.0.2/lib -L/accre/arch/easybuild/software/Compiler/GCC/5.4.0-2.26/LLVM/3.8.1/lib -L/accre/arch/easybuild/software/Compiler/GCCcore/5.4.0/libdrm/2.4.70/lib -L/accre/arch/easybuild/software/Compiler/GCCcore/5.4.0/nettle/3.2/lib64 -L/accre/arch/easybuild/software/Compiler/GCCcore/5.4.0/PCRE/8.39/lib -L/accre/arch/easybuild/software/Compiler/GCC/5.4.0-2.26/HDF5/1.8.17-serial/lib -L/accre/arch/easybuild/software/Compiler/GCCcore/5.4.0/Szip/2.1/lib -L/accre/arch/easybuild/software/Compiler/GCC/5.4.0-2.26/Python/2.7.12/lib -L/accre/arch/easybuild/software/Compiler/GCCcore/5.4.0/libffi/3.2.1/lib64 -L/accre/arch/easybuild/software/Compiler/GCCcore/5.4.0/libffi/3.2.1/lib -L/accre/arch/easybuild/software/Compiler/GCCcore/5.4.0/GMP/6.1.1/lib -L/accre/arch/easybuild/software/Compiler/GCCcore/5.4.0/Tk/8.6.5/lib -L/accre/arch/easybuild/software/Compiler/GCCcore/5.4.0/X11/20160819/lib -L/accre/arch/easybuild/software/Compiler/GCCcore/5.4.0/fontconfig/2.12.1/lib -L/accre/arch/easybuild/software/Compiler/GCCcore/5.4.0/expat/2.2.0/lib -L/accre/arch/easybuild/software/Compiler/GCCcore/5.4.0/freetype/2.6.5/lib -L/accre/arch/easybuild/software/Compiler/GCCcore/5.4.0/SQLite/3.13.0/lib -L/accre/arch/easybuild/software/Compiler/GCCcore/5.4.0/Tcl/8.6.5/lib -L/accre/arch/easybuild/software/Compiler/GCCcore/5.4.0/libreadline/6.3/lib -L/accre/arch/easybuild/software/Compiler/GCCcore/5.4.0/ncurses/6.0/lib -L/accre/arch/easybuild/software/Compiler/GCCcore/5.4.0/bzip2/1.0.6/lib -L/accre/arch/easybuild/software/Compiler/GCCcore/5.4.0/binutils/2.26/lib -L/accre/arch/easybuild/software/Core/GCCcore/5.4.0/lib64 -L/accre/arch/easybuild/software/Core/GCCcore/5.4.0/lib -L/cvmfs/oasis.opensciencegrid.org/accre/mirror/optimized/sandy_bridge/easybuild/software/Core/GCCcore/5.4.0/bin/../lib/gcc/x86_64-unknown-linux-gnu/5.4.0/../../.. CMakeFiles/cmTC_e190c.dir/CMakeCXXCompilerABI.cpp.o -lstdc++ -lm -lgcc_s -lgcc -lc -lgcc_s -lgcc /cvmfs/oasis.opensciencegrid.org/accre/mirror/optimized/sandy_bridge/easybuild/software/Core/GCCcore/5.4.0/bin/../lib/gcc/x86_64-unknown-linux-gnu/5.4.0/crtend.o /lib/../lib64/crtn.o]
    arg [/cvmfs/oasis.opensciencegrid.org/accre/mirror/optimized/sandy_bridge/easybuild/software/Core/GCCcore/5.4.0/bin/../libexec/gcc/x86_64-unknown-linux-gnu/5.4.0/collect2] ==> ignore
    arg [-plugin] ==> ignore
    arg [/cvmfs/oasis.opensciencegrid.org/accre/mirror/optimized/sandy_bridge/easybuild/software/Core/GCCcore/5.4.0/bin/../libexec/gcc/x86_64-unknown-linux-gnu/5.4.0/liblto_plugin.so] ==> ignore
    arg [-plugin-opt=/cvmfs/oasis.opensciencegrid.org/accre/mirror/optimized/sandy_bridge/easybuild/software/Core/GCCcore/5.4.0/bin/../libexec/gcc/x86_64-unknown-linux-gnu/5.4.0/lto-wrapper] ==> ignore
    arg [-plugin-opt=-fresolution=/tmp/ccwGjspz.res] ==> ignore
    arg [-plugin-opt=-pass-through=-lgcc_s] ==> ignore
    arg [-plugin-opt=-pass-through=-lgcc] ==> ignore
    arg [-plugin-opt=-pass-through=-lc] ==> ignore
    arg [-plugin-opt=-pass-through=-lgcc_s] ==> ignore
    arg [-plugin-opt=-pass-through=-lgcc] ==> ignore
    arg [--eh-frame-hdr] ==> ignore
    arg [-m] ==> ignore
    arg [elf_x86_64] ==> ignore
    arg [-export-dynamic] ==> ignore
    arg [-dynamic-linker] ==> ignore
    arg [/lib64/ld-linux-x86-64.so.2] ==> ignore
    arg [-o] ==> ignore
    arg [cmTC_e190c] ==> ignore
    arg [/lib/../lib64/crt1.o] ==> ignore
    arg [/lib/../lib64/crti.o] ==> ignore
    arg [/cvmfs/oasis.opensciencegrid.org/accre/mirror/optimized/sandy_bridge/easybuild/software/Core/GCCcore/5.4.0/bin/../lib/gcc/x86_64-unknown-linux-gnu/5.4.0/crtbegin.o] ==> ignore
    arg [-L/cvmfs/oasis.opensciencegrid.org/accre/mirror/optimized/sandy_bridge/easybuild/software/Core/GCCcore/5.4.0/bin/../lib/gcc/x86_64-unknown-linux-gnu/5.4.0] ==> dir [/cvmfs/oasis.opensciencegrid.org/accre/mirror/optimized/sandy_bridge/easybuild/software/Core/GCCcore/5.4.0/bin/../lib/gcc/x86_64-unknown-linux-gnu/5.4.0]
    arg [-L/cvmfs/oasis.opensciencegrid.org/accre/mirror/optimized/sandy_bridge/easybuild/software/Core/GCCcore/5.4.0/bin/../lib/gcc] ==> dir [/cvmfs/oasis.opensciencegrid.org/accre/mirror/optimized/sandy_bridge/easybuild/software/Core/GCCcore/5.4.0/bin/../lib/gcc]
    arg [-L/accre/arch/easybuild/software/Compiler/GCCcore/5.4.0/nettle/3.2/lib64/../lib64] ==> dir [/accre/arch/easybuild/software/Compiler/GCCcore/5.4.0/nettle/3.2/lib64/../lib64]
    arg [-L/accre/arch/easybuild/software/Compiler/GCCcore/5.4.0/libffi/3.2.1/lib64/../lib64] ==> dir [/accre/arch/easybuild/software/Compiler/GCCcore/5.4.0/libffi/3.2.1/lib64/../lib64]
    arg [-L/accre/arch/easybuild/software/Compiler/GCCcore/5.4.0/libffi/3.2.1/lib/../lib64] ==> dir [/accre/arch/easybuild/software/Compiler/GCCcore/5.4.0/libffi/3.2.1/lib/../lib64]
    arg [-L/accre/arch/easybuild/software/Core/GCCcore/5.4.0/lib64/../lib64] ==> dir [/accre/arch/easybuild/software/Core/GCCcore/5.4.0/lib64/../lib64]
    arg [-L/accre/arch/easybuild/software/Core/GCCcore/5.4.0/lib/../lib64] ==> dir [/accre/arch/easybuild/software/Core/GCCcore/5.4.0/lib/../lib64]
    arg [-L/cvmfs/oasis.opensciencegrid.org/accre/mirror/optimized/sandy_bridge/easybuild/software/Core/GCCcore/5.4.0/bin/../lib/gcc/x86_64-unknown-linux-gnu/5.4.0/../../../../lib64] ==> dir [/cvmfs/oasis.opensciencegrid.org/accre/mirror/optimized/sandy_bridge/easybuild/software/Core/GCCcore/5.4.0/bin/../lib/gcc/x86_64-unknown-linux-gnu/5.4.0/../../../../lib64]
    arg [-L/lib/../lib64] ==> dir [/lib/../lib64]
    arg [-L/usr/lib/../lib64] ==> dir [/usr/lib/../lib64]
    arg [-L/accre/arch/easybuild/software/Compiler/GCC/5.4.0-2.26/ITK-SNAP/3.8.0/lib] ==> dir [/accre/arch/easybuild/software/Compiler/GCC/5.4.0-2.26/ITK-SNAP/3.8.0/lib]
    arg [-L/accre/arch/easybuild/software/Core/libpng/1.2.58/lib] ==> dir [/accre/arch/easybuild/software/Core/libpng/1.2.58/lib]
    arg [-L/accre/arch/easybuild/software/Core/zlib/1.2.11/lib] ==> dir [/accre/arch/easybuild/software/Core/zlib/1.2.11/lib]
    arg [-L/accre/arch/easybuild/software/Compiler/GCC/5.4.0-2.26/VTK/6.3.0-Python-2.7.12/lib] ==> dir [/accre/arch/easybuild/software/Compiler/GCC/5.4.0-2.26/VTK/6.3.0-Python-2.7.12/lib]
    arg [-L/accre/arch/easybuild/software/Compiler/GCC/5.4.0-2.26/ITK/4.12.2-Python-2.7.12/lib] ==> dir [/accre/arch/easybuild/software/Compiler/GCC/5.4.0-2.26/ITK/4.12.2-Python-2.7.12/lib]
    arg [-L/accre/arch/easybuild/software/Compiler/GCC/5.4.0-2.26/libGLU/9.0.0/lib] ==> dir [/accre/arch/easybuild/software/Compiler/GCC/5.4.0-2.26/libGLU/9.0.0/lib]
    arg [-L/accre/arch/easybuild/software/Compiler/GCC/5.4.0-2.26/Mesa/12.0.2/lib] ==> dir [/accre/arch/easybuild/software/Compiler/GCC/5.4.0-2.26/Mesa/12.0.2/lib]
    arg [-L/accre/arch/easybuild/software/Compiler/GCC/5.4.0-2.26/LLVM/3.8.1/lib] ==> dir [/accre/arch/easybuild/software/Compiler/GCC/5.4.0-2.26/LLVM/3.8.1/lib]
    arg [-L/accre/arch/easybuild/software/Compiler/GCCcore/5.4.0/libdrm/2.4.70/lib] ==> dir [/accre/arch/easybuild/software/Compiler/GCCcore/5.4.0/libdrm/2.4.70/lib]
    arg [-L/accre/arch/easybuild/software/Compiler/GCCcore/5.4.0/nettle/3.2/lib64] ==> dir [/accre/arch/easybuild/software/Compiler/GCCcore/5.4.0/nettle/3.2/lib64]
    arg [-L/accre/arch/easybuild/software/Compiler/GCCcore/5.4.0/PCRE/8.39/lib] ==> dir [/accre/arch/easybuild/software/Compiler/GCCcore/5.4.0/PCRE/8.39/lib]
    arg [-L/accre/arch/easybuild/software/Compiler/GCC/5.4.0-2.26/HDF5/1.8.17-serial/lib] ==> dir [/accre/arch/easybuild/software/Compiler/GCC/5.4.0-2.26/HDF5/1.8.17-serial/lib]
    arg [-L/accre/arch/easybuild/software/Compiler/GCCcore/5.4.0/Szip/2.1/lib] ==> dir [/accre/arch/easybuild/software/Compiler/GCCcore/5.4.0/Szip/2.1/lib]
    arg [-L/accre/arch/easybuild/software/Compiler/GCC/5.4.0-2.26/Python/2.7.12/lib] ==> dir [/accre/arch/easybuild/software/Compiler/GCC/5.4.0-2.26/Python/2.7.12/lib]
    arg [-L/accre/arch/easybuild/software/Compiler/GCCcore/5.4.0/libffi/3.2.1/lib64] ==> dir [/accre/arch/easybuild/software/Compiler/GCCcore/5.4.0/libffi/3.2.1/lib64]
    arg [-L/accre/arch/easybuild/software/Compiler/GCCcore/5.4.0/libffi/3.2.1/lib] ==> dir [/accre/arch/easybuild/software/Compiler/GCCcore/5.4.0/libffi/3.2.1/lib]
    arg [-L/accre/arch/easybuild/software/Compiler/GCCcore/5.4.0/GMP/6.1.1/lib] ==> dir [/accre/arch/easybuild/software/Compiler/GCCcore/5.4.0/GMP/6.1.1/lib]
    arg [-L/accre/arch/easybuild/software/Compiler/GCCcore/5.4.0/Tk/8.6.5/lib] ==> dir [/accre/arch/easybuild/software/Compiler/GCCcore/5.4.0/Tk/8.6.5/lib]
    arg [-L/accre/arch/easybuild/software/Compiler/GCCcore/5.4.0/X11/20160819/lib] ==> dir [/accre/arch/easybuild/software/Compiler/GCCcore/5.4.0/X11/20160819/lib]
    arg [-L/accre/arch/easybuild/software/Compiler/GCCcore/5.4.0/fontconfig/2.12.1/lib] ==> dir [/accre/arch/easybuild/software/Compiler/GCCcore/5.4.0/fontconfig/2.12.1/lib]
    arg [-L/accre/arch/easybuild/software/Compiler/GCCcore/5.4.0/expat/2.2.0/lib] ==> dir [/accre/arch/easybuild/software/Compiler/GCCcore/5.4.0/expat/2.2.0/lib]
    arg [-L/accre/arch/easybuild/software/Compiler/GCCcore/5.4.0/freetype/2.6.5/lib] ==> dir [/accre/arch/easybuild/software/Compiler/GCCcore/5.4.0/freetype/2.6.5/lib]
    arg [-L/accre/arch/easybuild/software/Compiler/GCCcore/5.4.0/SQLite/3.13.0/lib] ==> dir [/accre/arch/easybuild/software/Compiler/GCCcore/5.4.0/SQLite/3.13.0/lib]
    arg [-L/accre/arch/easybuild/software/Compiler/GCCcore/5.4.0/Tcl/8.6.5/lib] ==> dir [/accre/arch/easybuild/software/Compiler/GCCcore/5.4.0/Tcl/8.6.5/lib]
    arg [-L/accre/arch/easybuild/software/Compiler/GCCcore/5.4.0/libreadline/6.3/lib] ==> dir [/accre/arch/easybuild/software/Compiler/GCCcore/5.4.0/libreadline/6.3/lib]
    arg [-L/accre/arch/easybuild/software/Compiler/GCCcore/5.4.0/ncurses/6.0/lib] ==> dir [/accre/arch/easybuild/software/Compiler/GCCcore/5.4.0/ncurses/6.0/lib]
    arg [-L/accre/arch/easybuild/software/Compiler/GCCcore/5.4.0/bzip2/1.0.6/lib] ==> dir [/accre/arch/easybuild/software/Compiler/GCCcore/5.4.0/bzip2/1.0.6/lib]
    arg [-L/accre/arch/easybuild/software/Compiler/GCCcore/5.4.0/binutils/2.26/lib] ==> dir [/accre/arch/easybuild/software/Compiler/GCCcore/5.4.0/binutils/2.26/lib]
    arg [-L/accre/arch/easybuild/software/Core/GCCcore/5.4.0/lib64] ==> dir [/accre/arch/easybuild/software/Core/GCCcore/5.4.0/lib64]
    arg [-L/accre/arch/easybuild/software/Core/GCCcore/5.4.0/lib] ==> dir [/accre/arch/easybuild/software/Core/GCCcore/5.4.0/lib]
    arg [-L/cvmfs/oasis.opensciencegrid.org/accre/mirror/optimized/sandy_bridge/easybuild/software/Core/GCCcore/5.4.0/bin/../lib/gcc/x86_64-unknown-linux-gnu/5.4.0/../../..] ==> dir [/cvmfs/oasis.opensciencegrid.org/accre/mirror/optimized/sandy_bridge/easybuild/software/Core/GCCcore/5.4.0/bin/../lib/gcc/x86_64-unknown-linux-gnu/5.4.0/../../..]
    arg [CMakeFiles/cmTC_e190c.dir/CMakeCXXCompilerABI.cpp.o] ==> ignore
    arg [-lstdc++] ==> lib [stdc++]
    arg [-lm] ==> lib [m]
    arg [-lgcc_s] ==> lib [gcc_s]
    arg [-lgcc] ==> lib [gcc]
    arg [-lc] ==> lib [c]
    arg [-lgcc_s] ==> lib [gcc_s]
    arg [-lgcc] ==> lib [gcc]
    arg [/cvmfs/oasis.opensciencegrid.org/accre/mirror/optimized/sandy_bridge/easybuild/software/Core/GCCcore/5.4.0/bin/../lib/gcc/x86_64-unknown-linux-gnu/5.4.0/crtend.o] ==> ignore
    arg [/lib/../lib64/crtn.o] ==> ignore
  remove lib [gcc_s]
  remove lib [gcc]
  remove lib [gcc_s]
  remove lib [gcc]
  collapse library dir [/cvmfs/oasis.opensciencegrid.org/accre/mirror/optimized/sandy_bridge/easybuild/software/Core/GCCcore/5.4.0/bin/../lib/gcc/x86_64-unknown-linux-gnu/5.4.0] ==> [/cvmfs/oasis.opensciencegrid.org/accre/mirror/optimized/sandy_bridge/easybuild/software/Core/GCCcore/5.4.0/lib/gcc/x86_64-unknown-linux-gnu/5.4.0]
  collapse library dir [/cvmfs/oasis.opensciencegrid.org/accre/mirror/optimized/sandy_bridge/easybuild/software/Core/GCCcore/5.4.0/bin/../lib/gcc] ==> [/cvmfs/oasis.opensciencegrid.org/accre/mirror/optimized/sandy_bridge/easybuild/software/Core/GCCcore/5.4.0/lib/gcc]
  collapse library dir [/accre/arch/easybuild/software/Compiler/GCCcore/5.4.0/nettle/3.2/lib64/../lib64] ==> [/accre/arch/easybuild/software/Compiler/GCCcore/5.4.0/nettle/3.2/lib64]
  collapse library dir [/accre/arch/easybuild/software/Compiler/GCCcore/5.4.0/libffi/3.2.1/lib64/../lib64] ==> [/accre/arch/easybuild/software/Compiler/GCCcore/5.4.0/libffi/3.2.1/lib64]
  collapse library dir [/accre/arch/easybuild/software/Compiler/GCCcore/5.4.0/libffi/3.2.1/lib/../lib64] ==> [/accre/arch/easybuild/software/Compiler/GCCcore/5.4.0/libffi/3.2.1/lib64]
  collapse library dir [/accre/arch/easybuild/software/Core/GCCcore/5.4.0/lib64/../lib64] ==> [/accre/arch/easybuild/software/Core/GCCcore/5.4.0/lib64]
  collapse library dir [/accre/arch/easybuild/software/Core/GCCcore/5.4.0/lib/../lib64] ==> [/accre/arch/easybuild/software/Core/GCCcore/5.4.0/lib64]
  collapse library dir [/cvmfs/oasis.opensciencegrid.org/accre/mirror/optimized/sandy_bridge/easybuild/software/Core/GCCcore/5.4.0/bin/../lib/gcc/x86_64-unknown-linux-gnu/5.4.0/../../../../lib64] ==> [/cvmfs/oasis.opensciencegrid.org/accre/mirror/optimized/sandy_bridge/easybuild/software/Core/GCCcore/5.4.0/lib64]
  collapse library dir [/lib/../lib64] ==> [/lib64]
  collapse library dir [/usr/lib/../lib64] ==> [/usr/lib64]
  collapse library dir [/accre/arch/easybuild/software/Compiler/GCC/5.4.0-2.26/ITK-SNAP/3.8.0/lib] ==> [/accre/arch/easybuild/software/Compiler/GCC/5.4.0-2.26/ITK-SNAP/3.8.0/lib]
  collapse library dir [/accre/arch/easybuild/software/Core/libpng/1.2.58/lib] ==> [/accre/arch/easybuild/software/Core/libpng/1.2.58/lib]
  collapse library dir [/accre/arch/easybuild/software/Core/zlib/1.2.11/lib] ==> [/accre/arch/easybuild/software/Core/zlib/1.2.11/lib]
  collapse library dir [/accre/arch/easybuild/software/Compiler/GCC/5.4.0-2.26/VTK/6.3.0-Python-2.7.12/lib] ==> [/accre/arch/easybuild/software/Compiler/GCC/5.4.0-2.26/VTK/6.3.0-Python-2.7.12/lib]
  collapse library dir [/accre/arch/easybuild/software/Compiler/GCC/5.4.0-2.26/ITK/4.12.2-Python-2.7.12/lib] ==> [/accre/arch/easybuild/software/Compiler/GCC/5.4.0-2.26/ITK/4.12.2-Python-2.7.12/lib]
  collapse library dir [/accre/arch/easybuild/software/Compiler/GCC/5.4.0-2.26/libGLU/9.0.0/lib] ==> [/accre/arch/easybuild/software/Compiler/GCC/5.4.0-2.26/libGLU/9.0.0/lib]
  collapse library dir [/accre/arch/easybuild/software/Compiler/GCC/5.4.0-2.26/Mesa/12.0.2/lib] ==> [/accre/arch/easybuild/software/Compiler/GCC/5.4.0-2.26/Mesa/12.0.2/lib]
  collapse library dir [/accre/arch/easybuild/software/Compiler/GCC/5.4.0-2.26/LLVM/3.8.1/lib] ==> [/accre/arch/easybuild/software/Compiler/GCC/5.4.0-2.26/LLVM/3.8.1/lib]
  collapse library dir [/accre/arch/easybuild/software/Compiler/GCCcore/5.4.0/libdrm/2.4.70/lib] ==> [/accre/arch/easybuild/software/Compiler/GCCcore/5.4.0/libdrm/2.4.70/lib]
  collapse library dir [/accre/arch/easybuild/software/Compiler/GCCcore/5.4.0/nettle/3.2/lib64] ==> [/accre/arch/easybuild/software/Compiler/GCCcore/5.4.0/nettle/3.2/lib64]
  collapse library dir [/accre/arch/easybuild/software/Compiler/GCCcore/5.4.0/PCRE/8.39/lib] ==> [/accre/arch/easybuild/software/Compiler/GCCcore/5.4.0/PCRE/8.39/lib]
  collapse library dir [/accre/arch/easybuild/software/Compiler/GCC/5.4.0-2.26/HDF5/1.8.17-serial/lib] ==> [/accre/arch/easybuild/software/Compiler/GCC/5.4.0-2.26/HDF5/1.8.17-serial/lib]
  collapse library dir [/accre/arch/easybuild/software/Compiler/GCCcore/5.4.0/Szip/2.1/lib] ==> [/accre/arch/easybuild/software/Compiler/GCCcore/5.4.0/Szip/2.1/lib]
  collapse library dir [/accre/arch/easybuild/software/Compiler/GCC/5.4.0-2.26/Python/2.7.12/lib] ==> [/accre/arch/easybuild/software/Compiler/GCC/5.4.0-2.26/Python/2.7.12/lib]
  collapse library dir [/accre/arch/easybuild/software/Compiler/GCCcore/5.4.0/libffi/3.2.1/lib64] ==> [/accre/arch/easybuild/software/Compiler/GCCcore/5.4.0/libffi/3.2.1/lib64]
  collapse library dir [/accre/arch/easybuild/software/Compiler/GCCcore/5.4.0/libffi/3.2.1/lib] ==> [/accre/arch/easybuild/software/Compiler/GCCcore/5.4.0/libffi/3.2.1/lib]
  collapse library dir [/accre/arch/easybuild/software/Compiler/GCCcore/5.4.0/GMP/6.1.1/lib] ==> [/accre/arch/easybuild/software/Compiler/GCCcore/5.4.0/GMP/6.1.1/lib]
  collapse library dir [/accre/arch/easybuild/software/Compiler/GCCcore/5.4.0/Tk/8.6.5/lib] ==> [/accre/arch/easybuild/software/Compiler/GCCcore/5.4.0/Tk/8.6.5/lib]
  collapse library dir [/accre/arch/easybuild/software/Compiler/GCCcore/5.4.0/X11/20160819/lib] ==> [/accre/arch/easybuild/software/Compiler/GCCcore/5.4.0/X11/20160819/lib]
  collapse library dir [/accre/arch/easybuild/software/Compiler/GCCcore/5.4.0/fontconfig/2.12.1/lib] ==> [/accre/arch/easybuild/software/Compiler/GCCcore/5.4.0/fontconfig/2.12.1/lib]
  collapse library dir [/accre/arch/easybuild/software/Compiler/GCCcore/5.4.0/expat/2.2.0/lib] ==> [/accre/arch/easybuild/software/Compiler/GCCcore/5.4.0/expat/2.2.0/lib]
  collapse library dir [/accre/arch/easybuild/software/Compiler/GCCcore/5.4.0/freetype/2.6.5/lib] ==> [/accre/arch/easybuild/software/Compiler/GCCcore/5.4.0/freetype/2.6.5/lib]
  collapse library dir [/accre/arch/easybuild/software/Compiler/GCCcore/5.4.0/SQLite/3.13.0/lib] ==> [/accre/arch/easybuild/software/Compiler/GCCcore/5.4.0/SQLite/3.13.0/lib]
  collapse library dir [/accre/arch/easybuild/software/Compiler/GCCcore/5.4.0/Tcl/8.6.5/lib] ==> [/accre/arch/easybuild/software/Compiler/GCCcore/5.4.0/Tcl/8.6.5/lib]
  collapse library dir [/accre/arch/easybuild/software/Compiler/GCCcore/5.4.0/libreadline/6.3/lib] ==> [/accre/arch/easybuild/software/Compiler/GCCcore/5.4.0/libreadline/6.3/lib]
  collapse library dir [/accre/arch/easybuild/software/Compiler/GCCcore/5.4.0/ncurses/6.0/lib] ==> [/accre/arch/easybuild/software/Compiler/GCCcore/5.4.0/ncurses/6.0/lib]
  collapse library dir [/accre/arch/easybuild/software/Compiler/GCCcore/5.4.0/bzip2/1.0.6/lib] ==> [/accre/arch/easybuild/software/Compiler/GCCcore/5.4.0/bzip2/1.0.6/lib]
  collapse library dir [/accre/arch/easybuild/software/Compiler/GCCcore/5.4.0/binutils/2.26/lib] ==> [/accre/arch/easybuild/software/Compiler/GCCcore/5.4.0/binutils/2.26/lib]
  collapse library dir [/accre/arch/easybuild/software/Core/GCCcore/5.4.0/lib64] ==> [/accre/arch/easybuild/software/Core/GCCcore/5.4.0/lib64]
  collapse library dir [/accre/arch/easybuild/software/Core/GCCcore/5.4.0/lib] ==> [/accre/arch/easybuild/software/Core/GCCcore/5.4.0/lib]
  collapse library dir [/cvmfs/oasis.opensciencegrid.org/accre/mirror/optimized/sandy_bridge/easybuild/software/Core/GCCcore/5.4.0/bin/../lib/gcc/x86_64-unknown-linux-gnu/5.4.0/../../..] ==> [/cvmfs/oasis.opensciencegrid.org/accre/mirror/optimized/sandy_bridge/easybuild/software/Core/GCCcore/5.4.0/lib]
  implicit libs: [stdc++;m;c]
  implicit dirs: [/cvmfs/oasis.opensciencegrid.org/accre/mirror/optimized/sandy_bridge/easybuild/software/Core/GCCcore/5.4.0/lib/gcc/x86_64-unknown-linux-gnu/5.4.0;/cvmfs/oasis.opensciencegrid.org/accre/mirror/optimized/sandy_bridge/easybuild/software/Core/GCCcore/5.4.0/lib/gcc;/accre/arch/easybuild/software/Compiler/GCCcore/5.4.0/nettle/3.2/lib64;/accre/arch/easybuild/software/Compiler/GCCcore/5.4.0/libffi/3.2.1/lib64;/accre/arch/easybuild/software/Core/GCCcore/5.4.0/lib64;/cvmfs/oasis.opensciencegrid.org/accre/mirror/optimized/sandy_bridge/easybuild/software/Core/GCCcore/5.4.0/lib64;/lib64;/usr/lib64;/accre/arch/easybuild/software/Compiler/GCC/5.4.0-2.26/ITK-SNAP/3.8.0/lib;/accre/arch/easybuild/software/Core/libpng/1.2.58/lib;/accre/arch/easybuild/software/Core/zlib/1.2.11/lib;/accre/arch/easybuild/software/Compiler/GCC/5.4.0-2.26/VTK/6.3.0-Python-2.7.12/lib;/accre/arch/easybuild/software/Compiler/GCC/5.4.0-2.26/ITK/4.12.2-Python-2.7.12/lib;/accre/arch/easybuild/software/Compiler/GCC/5.4.0-2.26/libGLU/9.0.0/lib;/accre/arch/easybuild/software/Compiler/GCC/5.4.0-2.26/Mesa/12.0.2/lib;/accre/arch/easybuild/software/Compiler/GCC/5.4.0-2.26/LLVM/3.8.1/lib;/accre/arch/easybuild/software/Compiler/GCCcore/5.4.0/libdrm/2.4.70/lib;/accre/arch/easybuild/software/Compiler/GCCcore/5.4.0/PCRE/8.39/lib;/accre/arch/easybuild/software/Compiler/GCC/5.4.0-2.26/HDF5/1.8.17-serial/lib;/accre/arch/easybuild/software/Compiler/GCCcore/5.4.0/Szip/2.1/lib;/accre/arch/easybuild/software/Compiler/GCC/5.4.0-2.26/Python/2.7.12/lib;/accre/arch/easybuild/software/Compiler/GCCcore/5.4.0/libffi/3.2.1/lib;/accre/arch/easybuild/software/Compiler/GCCcore/5.4.0/GMP/6.1.1/lib;/accre/arch/easybuild/software/Compiler/GCCcore/5.4.0/Tk/8.6.5/lib;/accre/arch/easybuild/software/Compiler/GCCcore/5.4.0/X11/20160819/lib;/accre/arch/easybuild/software/Compiler/GCCcore/5.4.0/fontconfig/2.12.1/lib;/accre/arch/easybuild/software/Compiler/GCCcore/5.4.0/expat/2.2.0/lib;/accre/arch/easybuild/software/Compiler/GCCcore/5.4.0/freetype/2.6.5/lib;/accre/arch/easybuild/software/Compiler/GCCcore/5.4.0/SQLite/3.13.0/lib;/accre/arch/easybuild/software/Compiler/GCCcore/5.4.0/Tcl/8.6.5/lib;/accre/arch/easybuild/software/Compiler/GCCcore/5.4.0/libreadline/6.3/lib;/accre/arch/easybuild/software/Compiler/GCCcore/5.4.0/ncurses/6.0/lib;/accre/arch/easybuild/software/Compiler/GCCcore/5.4.0/bzip2/1.0.6/lib;/accre/arch/easybuild/software/Compiler/GCCcore/5.4.0/binutils/2.26/lib;/accre/arch/easybuild/software/Core/GCCcore/5.4.0/lib;/cvmfs/oasis.opensciencegrid.org/accre/mirror/optimized/sandy_bridge/easybuild/software/Core/GCCcore/5.4.0/lib]
  implicit fwks: []




Detecting CXX [-std=c++14] compiler features compiled with the following output:
Change Dir: /home/sandbom/itkAntsAssignment/Setup-build/CMakeFiles/CMakeTmp

Run Build Command:"/usr/bin/gmake" "cmTC_cdef2/fast"
/usr/bin/gmake -f CMakeFiles/cmTC_cdef2.dir/build.make CMakeFiles/cmTC_cdef2.dir/build
gmake[1]: Entering directory `/gpfs52/home/sandbom/itkAntsAssignment/Setup-build/CMakeFiles/CMakeTmp'
Building CXX object CMakeFiles/cmTC_cdef2.dir/feature_tests.cxx.o
/accre/arch/easybuild/software/Core/GCCcore/5.4.0/bin/c++     -std=c++14 -o CMakeFiles/cmTC_cdef2.dir/feature_tests.cxx.o -c /home/sandbom/itkAntsAssignment/Setup-build/CMakeFiles/feature_tests.cxx
Linking CXX executable cmTC_cdef2
/cvmfs/oasis.opensciencegrid.org/accre/mirror/optimized/sandy_bridge/easybuild/software/Compiler/GCCcore/5.4.0/CMake/3.7.1/bin/cmake -E cmake_link_script CMakeFiles/cmTC_cdef2.dir/link.txt --verbose=1
/accre/arch/easybuild/software/Core/GCCcore/5.4.0/bin/c++        CMakeFiles/cmTC_cdef2.dir/feature_tests.cxx.o  -o cmTC_cdef2 -rdynamic 
gmake[1]: Leaving directory `/gpfs52/home/sandbom/itkAntsAssignment/Setup-build/CMakeFiles/CMakeTmp'


    Feature record: CXX_FEATURE:1cxx_aggregate_default_initializers
    Feature record: CXX_FEATURE:1cxx_alias_templates
    Feature record: CXX_FEATURE:1cxx_alignas
    Feature record: CXX_FEATURE:1cxx_alignof
    Feature record: CXX_FEATURE:1cxx_attributes
    Feature record: CXX_FEATURE:1cxx_attribute_deprecated
    Feature record: CXX_FEATURE:1cxx_auto_type
    Feature record: CXX_FEATURE:1cxx_binary_literals
    Feature record: CXX_FEATURE:1cxx_constexpr
    Feature record: CXX_FEATURE:1cxx_contextual_conversions
    Feature record: CXX_FEATURE:1cxx_decltype
    Feature record: CXX_FEATURE:1cxx_decltype_auto
    Feature record: CXX_FEATURE:1cxx_decltype_incomplete_return_types
    Feature record: CXX_FEATURE:1cxx_default_function_template_args
    Feature record: CXX_FEATURE:1cxx_defaulted_functions
    Feature record: CXX_FEATURE:1cxx_defaulted_move_initializers
    Feature record: CXX_FEATURE:1cxx_delegating_constructors
    Feature record: CXX_FEATURE:1cxx_deleted_functions
    Feature record: CXX_FEATURE:1cxx_digit_separators
    Feature record: CXX_FEATURE:1cxx_enum_forward_declarations
    Feature record: CXX_FEATURE:1cxx_explicit_conversions
    Feature record: CXX_FEATURE:1cxx_extended_friend_declarations
    Feature record: CXX_FEATURE:1cxx_extern_templates
    Feature record: CXX_FEATURE:1cxx_final
    Feature record: CXX_FEATURE:1cxx_func_identifier
    Feature record: CXX_FEATURE:1cxx_generalized_initializers
    Feature record: CXX_FEATURE:1cxx_generic_lambdas
    Feature record: CXX_FEATURE:1cxx_inheriting_constructors
    Feature record: CXX_FEATURE:1cxx_inline_namespaces
    Feature record: CXX_FEATURE:1cxx_lambdas
    Feature record: CXX_FEATURE:1cxx_lambda_init_captures
    Feature record: CXX_FEATURE:1cxx_local_type_template_args
    Feature record: CXX_FEATURE:1cxx_long_long_type
    Feature record: CXX_FEATURE:1cxx_noexcept
    Feature record: CXX_FEATURE:1cxx_nonstatic_member_init
    Feature record: CXX_FEATURE:1cxx_nullptr
    Feature record: CXX_FEATURE:1cxx_override
    Feature record: CXX_FEATURE:1cxx_range_for
    Feature record: CXX_FEATURE:1cxx_raw_string_literals
    Feature record: CXX_FEATURE:1cxx_reference_qualified_functions
    Feature record: CXX_FEATURE:1cxx_relaxed_constexpr
    Feature record: CXX_FEATURE:1cxx_return_type_deduction
    Feature record: CXX_FEATURE:1cxx_right_angle_brackets
    Feature record: CXX_FEATURE:1cxx_rvalue_references
    Feature record: CXX_FEATURE:1cxx_sizeof_member
    Feature record: CXX_FEATURE:1cxx_static_assert
    Feature record: CXX_FEATURE:1cxx_strong_enums
    Feature record: CXX_FEATURE:1cxx_template_template_parameters
    Feature record: CXX_FEATURE:1cxx_thread_local
    Feature record: CXX_FEATURE:1cxx_trailing_return_types
    Feature record: CXX_FEATURE:1cxx_unicode_literals
    Feature record: CXX_FEATURE:1cxx_uniform_initialization
    Feature record: CXX_FEATURE:1cxx_unrestricted_unions
    Feature record: CXX_FEATURE:1cxx_user_literals
    Feature record: CXX_FEATURE:1cxx_variable_templates
    Feature record: CXX_FEATURE:1cxx_variadic_macros
    Feature record: CXX_FEATURE:1cxx_variadic_templates


Detecting CXX [-std=c++11] compiler features compiled with the following output:
Change Dir: /home/sandbom/itkAntsAssignment/Setup-build/CMakeFiles/CMakeTmp

Run Build Command:"/usr/bin/gmake" "cmTC_3f347/fast"
/usr/bin/gmake -f CMakeFiles/cmTC_3f347.dir/build.make CMakeFiles/cmTC_3f347.dir/build
gmake[1]: Entering directory `/gpfs52/home/sandbom/itkAntsAssignment/Setup-build/CMakeFiles/CMakeTmp'
Building CXX object CMakeFiles/cmTC_3f347.dir/feature_tests.cxx.o
/accre/arch/easybuild/software/Core/GCCcore/5.4.0/bin/c++     -std=c++11 -o CMakeFiles/cmTC_3f347.dir/feature_tests.cxx.o -c /home/sandbom/itkAntsAssignment/Setup-build/CMakeFiles/feature_tests.cxx
Linking CXX executable cmTC_3f347
/cvmfs/oasis.opensciencegrid.org/accre/mirror/optimized/sandy_bridge/easybuild/software/Compiler/GCCcore/5.4.0/CMake/3.7.1/bin/cmake -E cmake_link_script CMakeFiles/cmTC_3f347.dir/link.txt --verbose=1
/accre/arch/easybuild/software/Core/GCCcore/5.4.0/bin/c++        CMakeFiles/cmTC_3f347.dir/feature_tests.cxx.o  -o cmTC_3f347 -rdynamic 
gmake[1]: Leaving directory `/gpfs52/home/sandbom/itkAntsAssignment/Setup-build/CMakeFiles/CMakeTmp'


    Feature record: CXX_FEATURE:0cxx_aggregate_default_initializers
    Feature record: CXX_FEATURE:1cxx_alias_templates
    Feature record: CXX_FEATURE:1cxx_alignas
    Feature record: CXX_FEATURE:1cxx_alignof
    Feature record: CXX_FEATURE:1cxx_attributes
    Feature record: CXX_FEATURE:0cxx_attribute_deprecated
    Feature record: CXX_FEATURE:1cxx_auto_type
    Feature record: CXX_FEATURE:0cxx_binary_literals
    Feature record: CXX_FEATURE:1cxx_constexpr
    Feature record: CXX_FEATURE:0cxx_contextual_conversions
    Feature record: CXX_FEATURE:1cxx_decltype
    Feature record: CXX_FEATURE:0cxx_decltype_auto
    Feature record: CXX_FEATURE:1cxx_decltype_incomplete_return_types
    Feature record: CXX_FEATURE:1cxx_default_function_template_args
    Feature record: CXX_FEATURE:1cxx_defaulted_functions
    Feature record: CXX_FEATURE:1cxx_defaulted_move_initializers
    Feature record: CXX_FEATURE:1cxx_delegating_constructors
    Feature record: CXX_FEATURE:1cxx_deleted_functions
    Feature record: CXX_FEATURE:0cxx_digit_separators
    Feature record: CXX_FEATURE:1cxx_enum_forward_declarations
    Feature record: CXX_FEATURE:1cxx_explicit_conversions
    Feature record: CXX_FEATURE:1cxx_extended_friend_declarations
    Feature record: CXX_FEATURE:1cxx_extern_templates
    Feature record: CXX_FEATURE:1cxx_final
    Feature record: CXX_FEATURE:1cxx_func_identifier
    Feature record: CXX_FEATURE:1cxx_generalized_initializers
    Feature record: CXX_FEATURE:0cxx_generic_lambdas
    Feature record: CXX_FEATURE:1cxx_inheriting_constructors
    Feature record: CXX_FEATURE:1cxx_inline_namespaces
    Feature record: CXX_FEATURE:1cxx_lambdas
    Feature record: CXX_FEATURE:0cxx_lambda_init_captures
    Feature record: CXX_FEATURE:1cxx_local_type_template_args
    Feature record: CXX_FEATURE:1cxx_long_long_type
    Feature record: CXX_FEATURE:1cxx_noexcept
    Feature record: CXX_FEATURE:1cxx_nonstatic_member_init
    Feature record: CXX_FEATURE:1cxx_nullptr
    Feature record: CXX_FEATURE:1cxx_override
    Feature record: CXX_FEATURE:1cxx_range_for
    Feature record: CXX_FEATURE:1cxx_raw_string_literals
    Feature record: CXX_FEATURE:1cxx_reference_qualified_functions
    Feature record: CXX_FEATURE:0cxx_relaxed_constexpr
    Feature record: CXX_FEATURE:0cxx_return_type_deduction
    Feature record: CXX_FEATURE:1cxx_right_angle_brackets
    Feature record: CXX_FEATURE:1cxx_rvalue_references
    Feature record: CXX_FEATURE:1cxx_sizeof_member
    Feature record: CXX_FEATURE:1cxx_static_assert
    Feature record: CXX_FEATURE:1cxx_strong_enums
    Feature record: CXX_FEATURE:1cxx_template_template_parameters
    Feature record: CXX_FEATURE:1cxx_thread_local
    Feature record: CXX_FEATURE:1cxx_trailing_return_types
    Feature record: CXX_FEATURE:1cxx_unicode_literals
    Feature record: CXX_FEATURE:1cxx_uniform_initialization
    Feature record: CXX_FEATURE:1cxx_unrestricted_unions
    Feature record: CXX_FEATURE:1cxx_user_literals
    Feature record: CXX_FEATURE:0cxx_variable_templates
    Feature record: CXX_FEATURE:1cxx_variadic_macros
    Feature record: CXX_FEATURE:1cxx_variadic_templates


Detecting CXX [-std=c++98] compiler features compiled with the following output:
Change Dir: /home/sandbom/itkAntsAssignment/Setup-build/CMakeFiles/CMakeTmp

Run Build Command:"/usr/bin/gmake" "cmTC_0d0bc/fast"
/usr/bin/gmake -f CMakeFiles/cmTC_0d0bc.dir/build.make CMakeFiles/cmTC_0d0bc.dir/build
gmake[1]: Entering directory `/gpfs52/home/sandbom/itkAntsAssignment/Setup-build/CMakeFiles/CMakeTmp'
Building CXX object CMakeFiles/cmTC_0d0bc.dir/feature_tests.cxx.o
/accre/arch/easybuild/software/Core/GCCcore/5.4.0/bin/c++     -std=c++98 -o CMakeFiles/cmTC_0d0bc.dir/feature_tests.cxx.o -c /home/sandbom/itkAntsAssignment/Setup-build/CMakeFiles/feature_tests.cxx
Linking CXX executable cmTC_0d0bc
/cvmfs/oasis.opensciencegrid.org/accre/mirror/optimized/sandy_bridge/easybuild/software/Compiler/GCCcore/5.4.0/CMake/3.7.1/bin/cmake -E cmake_link_script CMakeFiles/cmTC_0d0bc.dir/link.txt --verbose=1
/accre/arch/easybuild/software/Core/GCCcore/5.4.0/bin/c++        CMakeFiles/cmTC_0d0bc.dir/feature_tests.cxx.o  -o cmTC_0d0bc -rdynamic 
gmake[1]: Leaving directory `/gpfs52/home/sandbom/itkAntsAssignment/Setup-build/CMakeFiles/CMakeTmp'


    Feature record: CXX_FEATURE:0cxx_aggregate_default_initializers
    Feature record: CXX_FEATURE:0cxx_alias_templates
    Feature record: CXX_FEATURE:0cxx_alignas
    Feature record: CXX_FEATURE:0cxx_alignof
    Feature record: CXX_FEATURE:0cxx_attributes
    Feature record: CXX_FEATURE:0cxx_attribute_deprecated
    Feature record: CXX_FEATURE:0cxx_auto_type
    Feature record: CXX_FEATURE:0cxx_binary_literals
    Feature record: CXX_FEATURE:0cxx_constexpr
    Feature record: CXX_FEATURE:0cxx_contextual_conversions
    Feature record: CXX_FEATURE:0cxx_decltype
    Feature record: CXX_FEATURE:0cxx_decltype_auto
    Feature record: CXX_FEATURE:0cxx_decltype_incomplete_return_types
    Feature record: CXX_FEATURE:0cxx_default_function_template_args
    Feature record: CXX_FEATURE:0cxx_defaulted_functions
    Feature record: CXX_FEATURE:0cxx_defaulted_move_initializers
    Feature record: CXX_FEATURE:0cxx_delegating_constructors
    Feature record: CXX_FEATURE:0cxx_deleted_functions
    Feature record: CXX_FEATURE:0cxx_digit_separators
    Feature record: CXX_FEATURE:0cxx_enum_forward_declarations
    Feature record: CXX_FEATURE:0cxx_explicit_conversions
    Feature record: CXX_FEATURE:0cxx_extended_friend_declarations
    Feature record: CXX_FEATURE:0cxx_extern_templates
    Feature record: CXX_FEATURE:0cxx_final
    Feature record: CXX_FEATURE:0cxx_func_identifier
    Feature record: CXX_FEATURE:0cxx_generalized_initializers
    Feature record: CXX_FEATURE:0cxx_generic_lambdas
    Feature record: CXX_FEATURE:0cxx_inheriting_constructors
    Feature record: CXX_FEATURE:0cxx_inline_namespaces
    Feature record: CXX_FEATURE:0cxx_lambdas
    Feature record: CXX_FEATURE:0cxx_lambda_init_captures
    Feature record: CXX_FEATURE:0cxx_local_type_template_args
    Feature record: CXX_FEATURE:0cxx_long_long_type
    Feature record: CXX_FEATURE:0cxx_noexcept
    Feature record: CXX_FEATURE:0cxx_nonstatic_member_init
    Feature record: CXX_FEATURE:0cxx_nullptr
    Feature record: CXX_FEATURE:0cxx_override
    Feature record: CXX_FEATURE:0cxx_range_for
    Feature record: CXX_FEATURE:0cxx_raw_string_literals
    Feature record: CXX_FEATURE:0cxx_reference_qualified_functions
    Feature record: CXX_FEATURE:0cxx_relaxed_constexpr
    Feature record: CXX_FEATURE:0cxx_return_type_deduction
    Feature record: CXX_FEATURE:0cxx_right_angle_brackets
    Feature record: CXX_FEATURE:0cxx_rvalue_references
    Feature record: CXX_FEATURE:0cxx_sizeof_member
    Feature record: CXX_FEATURE:0cxx_static_assert
    Feature record: CXX_FEATURE:0cxx_strong_enums
    Feature record: CXX_FEATURE:1cxx_template_template_parameters
    Feature record: CXX_FEATURE:0cxx_thread_local
    Feature record: CXX_FEATURE:0cxx_trailing_return_types
    Feature record: CXX_FEATURE:0cxx_unicode_literals
    Feature record: CXX_FEATURE:0cxx_uniform_initialization
    Feature record: CXX_FEATURE:0cxx_unrestricted_unions
    Feature record: CXX_FEATURE:0cxx_user_literals
    Feature record: CXX_FEATURE:0cxx_variable_templates
    Feature record: CXX_FEATURE:0cxx_variadic_macros
    Feature record: CXX_FEATURE:0cxx_variadic_templates
